<?xml version="1.0" encoding="UTF-8"?>
<coverage generated="1568649100259" clover="3.2.0">
  <project timestamp="1568649100259" name="All files">
    <metrics statements="260" coveredstatements="260" conditionals="157" coveredconditionals="150" methods="76" coveredmethods="76" elements="493" coveredelements="486" complexity="0" loc="260" ncloc="260" packages="2" files="8" classes="8"/>
    <package name="src">
      <metrics statements="131" coveredstatements="131" conditionals="100" coveredconditionals="96" methods="28" coveredmethods="28"/>
      <file name="CustomDate.js" path="/Users/romansereda/Documents/Projects/sandboxRN/ios/react-native-min-range-calendar/src/CustomDate.js">
        <metrics statements="20" coveredstatements="20" conditionals="22" coveredconditionals="21" methods="9" coveredmethods="9"/>
        <line num="3" count="83" type="stmt"/>
        <line num="7" count="83" type="cond" truecount="2" falsecount="0"/>
        <line num="8" count="57" type="stmt"/>
        <line num="10" count="26" type="stmt"/>
        <line num="15" count="168" type="stmt"/>
        <line num="17" count="168" type="cond" truecount="5" falsecount="0"/>
        <line num="22" count="210" type="stmt"/>
        <line num="24" count="210" type="cond" truecount="5" falsecount="0"/>
        <line num="29" count="1442" type="stmt"/>
        <line num="31" count="1442" type="cond" truecount="3" falsecount="0"/>
        <line num="35" count="57" type="stmt"/>
        <line num="36" count="57" type="stmt"/>
        <line num="37" count="57" type="stmt"/>
        <line num="41" count="26" type="cond" truecount="2" falsecount="0"/>
        <line num="42" count="26" type="cond" truecount="2" falsecount="0"/>
        <line num="43" count="26" type="cond" truecount="2" falsecount="0"/>
        <line num="47" count="5" type="stmt"/>
        <line num="48" count="5" type="stmt"/>
        <line num="49" count="5" type="stmt"/>
        <line num="53" count="5" type="stmt"/>
      </file>
      <file name="DatesManager.js" path="/Users/romansereda/Documents/Projects/sandboxRN/ios/react-native-min-range-calendar/src/DatesManager.js">
        <metrics statements="42" coveredstatements="42" conditionals="62" coveredconditionals="61" methods="5" coveredmethods="5"/>
        <line num="5" count="2" type="stmt"/>
        <line num="6" count="39" type="stmt"/>
        <line num="12" count="39" type="stmt"/>
        <line num="13" count="39" type="cond" truecount="2" falsecount="0"/>
        <line num="14" count="39" type="cond" truecount="2" falsecount="0"/>
        <line num="16" count="39" type="cond" truecount="5" falsecount="0"/>
        <line num="17" count="11" type="cond" truecount="2" falsecount="0"/>
        <line num="19" count="11" type="cond" truecount="2" falsecount="0"/>
        <line num="20" count="2" type="stmt"/>
        <line num="21" count="2" type="cond" truecount="3" falsecount="1"/>
        <line num="24" count="11" type="stmt"/>
        <line num="25" count="11" type="cond" truecount="4" falsecount="0"/>
        <line num="28" count="39" type="stmt"/>
        <line num="31" count="39" type="stmt"/>
        <line num="32" count="1365" type="cond" truecount="5" falsecount="0"/>
        <line num="33" count="16" type="stmt"/>
        <line num="34" count="16" type="cond" truecount="2" falsecount="0"/>
        <line num="37" count="1349" type="cond" truecount="5" falsecount="0"/>
        <line num="38" count="7" type="stmt"/>
        <line num="39" count="7" type="cond" truecount="2" falsecount="0"/>
        <line num="42" count="1342" type="cond" truecount="5" falsecount="0"/>
        <line num="43" count="1252" type="cond" truecount="4" falsecount="0"/>
        <line num="44" count="259" type="stmt"/>
        <line num="46" count="993" type="cond" truecount="2" falsecount="0"/>
        <line num="48" count="973" type="stmt"/>
        <line num="51" count="39" type="stmt"/>
        <line num="52" count="1252" type="cond" truecount="4" falsecount="0"/>
        <line num="53" count="202" type="cond" truecount="2" falsecount="0"/>
        <line num="54" count="187" type="stmt"/>
        <line num="56" count="15" type="stmt"/>
        <line num="60" count="1065" type="stmt"/>
        <line num="63" count="39" type="stmt"/>
        <line num="64" count="1065" type="cond" truecount="2" falsecount="0"/>
        <line num="67" count="39" type="stmt"/>
        <line num="70" count="39" type="stmt"/>
        <line num="71" count="39" type="stmt"/>
        <line num="72" count="39" type="stmt"/>
        <line num="74" count="39" type="stmt"/>
        <line num="76" count="39" type="stmt"/>
        <line num="79" count="39" type="stmt"/>
        <line num="82" count="39" type="cond" truecount="4" falsecount="0"/>
        <line num="83" count="39" type="cond" truecount="4" falsecount="0"/>
      </file>
      <file name="FormatDate.js" path="/Users/romansereda/Documents/Projects/sandboxRN/ios/react-native-min-range-calendar/src/FormatDate.js">
        <metrics statements="7" coveredstatements="7" conditionals="2" coveredconditionals="2" methods="2" coveredmethods="2"/>
        <line num="1" count="3" type="stmt"/>
        <line num="3" count="3" type="stmt"/>
        <line num="19" count="18" type="stmt"/>
        <line num="20" count="26" type="cond" truecount="2" falsecount="0"/>
        <line num="21" count="25" type="stmt"/>
        <line num="22" count="25" type="stmt"/>
        <line num="25" count="1" type="stmt"/>
      </file>
      <file name="constants.js" path="/Users/romansereda/Documents/Projects/sandboxRN/ios/react-native-min-range-calendar/src/constants.js">
        <metrics statements="4" coveredstatements="4" conditionals="0" coveredconditionals="0" methods="0" coveredmethods="0"/>
        <line num="1" count="3" type="stmt"/>
        <line num="7" count="3" type="stmt"/>
        <line num="21" count="3" type="stmt"/>
        <line num="22" count="3" type="stmt"/>
      </file>
      <file name="helper.js" path="/Users/romansereda/Documents/Projects/sandboxRN/ios/react-native-min-range-calendar/src/helper.js">
        <metrics statements="58" coveredstatements="58" conditionals="14" coveredconditionals="12" methods="12" coveredmethods="12"/>
        <line num="3" count="129" type="stmt"/>
        <line num="4" count="43" type="stmt"/>
        <line num="10" count="3" type="stmt"/>
        <line num="11" count="43" type="stmt"/>
        <line num="12" count="43" type="stmt"/>
        <line num="14" count="43" type="stmt"/>
        <line num="15" count="43" type="stmt"/>
        <line num="17" count="43" type="stmt"/>
        <line num="18" count="43" type="stmt"/>
        <line num="19" count="43" type="stmt"/>
        <line num="21" count="43" type="stmt"/>
        <line num="22" count="1505" type="cond" truecount="2" falsecount="0"/>
        <line num="23" count="86" type="stmt"/>
        <line num="24" count="1419" type="cond" truecount="2" falsecount="0"/>
        <line num="25" count="144" type="stmt"/>
        <line num="27" count="1275" type="stmt"/>
        <line num="30" count="43" type="stmt"/>
        <line num="31" count="215" type="stmt"/>
        <line num="32" count="1505" type="stmt"/>
        <line num="34" count="43" type="stmt"/>
        <line num="37" count="3" type="stmt"/>
        <line num="38" count="46" type="stmt"/>
        <line num="40" count="46" type="stmt"/>
        <line num="42" count="46" type="cond" truecount="2" falsecount="0"/>
        <line num="43" count="2" type="stmt"/>
        <line num="44" count="2" type="stmt"/>
        <line num="47" count="46" type="stmt"/>
        <line num="50" count="3" type="stmt"/>
        <line num="51" count="48" type="stmt"/>
        <line num="53" count="48" type="stmt"/>
        <line num="55" count="48" type="cond" truecount="2" falsecount="0"/>
        <line num="56" count="2" type="stmt"/>
        <line num="57" count="2" type="stmt"/>
        <line num="60" count="48" type="stmt"/>
        <line num="63" count="3" type="stmt"/>
        <line num="65" count="13" type="stmt"/>
        <line num="67" count="13" type="stmt"/>
        <line num="68" count="91" type="stmt"/>
        <line num="69" count="91" type="stmt"/>
        <line num="72" count="13" type="stmt"/>
        <line num="75" count="3" type="stmt"/>
        <line num="77" count="14" type="stmt"/>
        <line num="79" count="14" type="stmt"/>
        <line num="80" count="168" type="stmt"/>
        <line num="81" count="168" type="stmt"/>
        <line num="84" count="14" type="stmt"/>
        <line num="87" count="3" type="cond" truecount="0" falsecount="1"/>
        <line num="89" count="12" type="stmt"/>
        <line num="91" count="12" type="stmt"/>
        <line num="92" count="3" type="cond" truecount="1" falsecount="1"/>
        <line num="93" count="3" type="stmt"/>
        <line num="97" count="12" type="stmt"/>
        <line num="100" count="3" type="cond" truecount="1" falsecount="0"/>
        <line num="102" count="24" type="stmt"/>
        <line num="104" count="24" type="stmt"/>
        <line num="105" count="7" type="cond" truecount="2" falsecount="0"/>
        <line num="106" count="3" type="stmt"/>
        <line num="110" count="24" type="stmt"/>
      </file>
    </package>
    <package name="src.components">
      <metrics statements="129" coveredstatements="129" conditionals="57" coveredconditionals="54" methods="48" coveredmethods="48"/>
      <file name="Calendar.js" path="/Users/romansereda/Documents/Projects/sandboxRN/ios/react-native-min-range-calendar/src/components/Calendar.js">
        <metrics statements="50" coveredstatements="50" conditionals="17" coveredconditionals="16" methods="20" coveredmethods="20"/>
        <line num="10" count="10" type="stmt"/>
        <line num="12" count="10" type="stmt"/>
        <line num="14" count="10" type="stmt"/>
        <line num="21" count="8" type="stmt"/>
        <line num="22" count="8" type="cond" truecount="2" falsecount="0"/>
        <line num="27" count="18" type="stmt"/>
        <line num="28" count="18" type="stmt"/>
        <line num="30" count="18" type="cond" truecount="6" falsecount="0"/>
        <line num="32" count="11" type="stmt"/>
        <line num="33" count="11" type="stmt"/>
        <line num="34" count="11" type="stmt"/>
        <line num="35" count="11" type="stmt"/>
        <line num="38" count="18" type="cond" truecount="4" falsecount="0"/>
        <line num="39" count="10" type="stmt"/>
        <line num="40" count="10" type="stmt"/>
        <line num="43" count="18" type="cond" truecount="2" falsecount="0"/>
        <line num="44" count="11" type="stmt"/>
        <line num="45" count="11" type="stmt"/>
        <line num="48" count="18" type="stmt"/>
        <line num="52" count="18" type="stmt"/>
        <line num="54" count="18" type="stmt"/>
        <line num="57" count="126" type="stmt"/>
        <line num="68" count="12" type="stmt"/>
        <line num="69" count="12" type="stmt"/>
        <line num="71" count="12" type="stmt"/>
        <line num="72" count="12" type="stmt"/>
        <line num="74" count="12" type="stmt"/>
        <line num="80" count="6" type="stmt"/>
        <line num="82" count="6" type="stmt"/>
        <line num="83" count="6" type="stmt"/>
        <line num="89" count="4" type="stmt"/>
        <line num="90" count="4" type="stmt"/>
        <line num="94" count="2" type="stmt"/>
        <line num="95" count="2" type="stmt"/>
        <line num="99" count="18" type="stmt"/>
        <line num="100" count="18" type="stmt"/>
        <line num="102" count="18" type="stmt"/>
        <line num="104" count="18" type="stmt"/>
        <line num="108" count="2" type="stmt"/>
        <line num="117" count="4" type="stmt"/>
        <line num="125" count="18" type="stmt"/>
        <line num="128" count="18" type="stmt"/>
        <line num="130" count="18" type="stmt"/>
        <line num="131" count="18" type="cond" truecount="1" falsecount="1"/>
        <line num="133" count="18" type="stmt"/>
        <line num="151" count="18" type="stmt"/>
        <line num="153" count="18" type="stmt"/>
        <line num="167" count="2" type="stmt"/>
        <line num="186" count="2" type="stmt"/>
        <line num="205" count="11" type="stmt"/>
      </file>
      <file name="DatePicker.js" path="/Users/romansereda/Documents/Projects/sandboxRN/ios/react-native-min-range-calendar/src/components/DatePicker.js">
        <metrics statements="35" coveredstatements="35" conditionals="18" coveredconditionals="18" methods="11" coveredmethods="11"/>
        <line num="9" count="10" type="stmt"/>
        <line num="11" count="10" type="stmt"/>
        <line num="16" count="17" type="stmt"/>
        <line num="17" count="10" type="stmt"/>
        <line num="21" count="29" type="stmt"/>
        <line num="23" count="29" type="cond" truecount="6" falsecount="0"/>
        <line num="26" count="2" type="stmt"/>
        <line num="27" count="2" type="stmt"/>
        <line num="32" count="12" type="stmt"/>
        <line num="33" count="12" type="stmt"/>
        <line num="37" count="4" type="stmt"/>
        <line num="41" count="33" type="stmt"/>
        <line num="43" count="33" type="cond" truecount="2" falsecount="0"/>
        <line num="44" count="24" type="stmt"/>
        <line num="45" count="24" type="cond" truecount="2" falsecount="0"/>
        <line num="46" count="4" type="stmt"/>
        <line num="49" count="20" type="stmt"/>
        <line num="52" count="9" type="stmt"/>
        <line num="56" count="17" type="stmt"/>
        <line num="57" count="17" type="stmt"/>
        <line num="59" count="17" type="cond" truecount="2" falsecount="0"/>
        <line num="60" count="1" type="stmt"/>
        <line num="62" count="16" type="stmt"/>
        <line num="67" count="17" type="stmt"/>
        <line num="68" count="17" type="stmt"/>
        <line num="70" count="17" type="stmt"/>
        <line num="72" count="17" type="cond" truecount="6" falsecount="0"/>
        <line num="73" count="7" type="stmt"/>
        <line num="75" count="10" type="stmt"/>
        <line num="78" count="17" type="stmt"/>
        <line num="82" count="39" type="stmt"/>
        <line num="84" count="39" type="stmt"/>
        <line num="85" count="39" type="stmt"/>
        <line num="86" count="39" type="stmt"/>
        <line num="88" count="39" type="stmt"/>
      </file>
      <file name="Dates.js" path="/Users/romansereda/Documents/Projects/sandboxRN/ios/react-native-min-range-calendar/src/components/Dates.js">
        <metrics statements="44" coveredstatements="44" conditionals="22" coveredconditionals="20" methods="17" coveredmethods="17"/>
        <line num="8" count="10" type="stmt"/>
        <line num="9" count="10" type="stmt"/>
        <line num="13" count="12" type="stmt"/>
        <line num="17" count="23" type="stmt"/>
        <line num="19" count="23" type="stmt"/>
        <line num="21" count="23" type="cond" truecount="2" falsecount="0"/>
        <line num="22" count="13" type="cond" truecount="2" falsecount="0"/>
        <line num="23" count="6" type="stmt"/>
        <line num="24" count="6" type="stmt"/>
        <line num="26" count="13" type="cond" truecount="2" falsecount="0"/>
        <line num="27" count="7" type="stmt"/>
        <line num="28" count="7" type="stmt"/>
        <line num="31" count="13" type="stmt"/>
        <line num="34" count="23" type="stmt"/>
        <line num="35" count="23" type="stmt"/>
        <line num="37" count="23" type="stmt"/>
        <line num="41" count="90" type="stmt"/>
        <line num="42" count="90" type="stmt"/>
        <line num="46" count="259" type="stmt"/>
        <line num="47" count="259" type="stmt"/>
        <line num="48" count="259" type="stmt"/>
        <line num="52" count="20" type="stmt"/>
        <line num="53" count="20" type="stmt"/>
        <line num="54" count="20" type="stmt"/>
        <line num="58" count="973" type="cond" truecount="2" falsecount="0"/>
        <line num="59" count="973" type="cond" truecount="2" falsecount="0"/>
        <line num="60" count="973" type="stmt"/>
        <line num="64" count="1365" type="cond" truecount="2" falsecount="0"/>
        <line num="65" count="1342" type="cond" truecount="2" falsecount="0"/>
        <line num="66" count="1252" type="cond" truecount="2" falsecount="0"/>
        <line num="67" count="993" type="cond" truecount="2" falsecount="0"/>
        <line num="69" count="973" type="stmt"/>
        <line num="73" count="1365" type="stmt"/>
        <line num="81" count="1365" type="stmt"/>
        <line num="85" count="17" type="cond" truecount="2" falsecount="0"/>
        <line num="95" count="23" type="stmt"/>
        <line num="99" count="39" type="stmt"/>
        <line num="101" count="39" type="stmt"/>
        <line num="102" count="195" type="stmt"/>
        <line num="104" count="1365" type="stmt"/>
        <line num="105" count="1365" type="stmt"/>
        <line num="106" count="1365" type="stmt"/>
        <line num="107" count="1365" type="stmt"/>
        <line num="114" count="12" type="stmt"/>
      </file>
    </package>
  </project>
</coverage>
