{"/Users/romansereda/Documents/Projects/sandboxRN/ios/react-native-min-range-calendar/src/CustomDate.js": {"path":"/Users/romansereda/Documents/Projects/sandboxRN/ios/react-native-min-range-calendar/src/CustomDate.js","statementMap":{"0":{"start":{"line":3,"column":4},"end":{"line":3,"column":19}},"1":{"start":{"line":7,"column":4},"end":{"line":11,"column":5}},"2":{"start":{"line":8,"column":6},"end":{"line":8,"column":29}},"3":{"start":{"line":10,"column":6},"end":{"line":10,"column":30}},"4":{"start":{"line":15,"column":33},"end":{"line":15,"column":37}},"5":{"start":{"line":17,"column":4},"end":{"line":18,"column":71}},"6":{"start":{"line":22,"column":33},"end":{"line":22,"column":37}},"7":{"start":{"line":24,"column":4},"end":{"line":25,"column":71}},"8":{"start":{"line":29,"column":33},"end":{"line":29,"column":37}},"9":{"start":{"line":31,"column":4},"end":{"line":31,"column":74}},"10":{"start":{"line":35,"column":4},"end":{"line":35,"column":35}},"11":{"start":{"line":36,"column":4},"end":{"line":36,"column":33}},"12":{"start":{"line":37,"column":4},"end":{"line":37,"column":30}},"13":{"start":{"line":41,"column":4},"end":{"line":41,"column":85}},"14":{"start":{"line":42,"column":4},"end":{"line":42,"column":85}},"15":{"start":{"line":43,"column":4},"end":{"line":43,"column":78}},"16":{"start":{"line":47,"column":18},"end":{"line":47,"column":38}},"17":{"start":{"line":48,"column":4},"end":{"line":48,"column":47}},"18":{"start":{"line":49,"column":4},"end":{"line":49,"column":35}},"19":{"start":{"line":53,"column":4},"end":{"line":53,"column":53}}},"fnMap":{"0":{"name":"(anonymous_0)","decl":{"start":{"line":2,"column":2},"end":{"line":2,"column":3}},"loc":{"start":{"line":2,"column":19},"end":{"line":4,"column":3}},"line":2},"1":{"name":"(anonymous_1)","decl":{"start":{"line":6,"column":2},"end":{"line":6,"column":3}},"loc":{"start":{"line":6,"column":16},"end":{"line":12,"column":3}},"line":6},"2":{"name":"(anonymous_2)","decl":{"start":{"line":14,"column":2},"end":{"line":14,"column":3}},"loc":{"start":{"line":14,"column":16},"end":{"line":19,"column":3}},"line":14},"3":{"name":"(anonymous_3)","decl":{"start":{"line":21,"column":2},"end":{"line":21,"column":3}},"loc":{"start":{"line":21,"column":15},"end":{"line":26,"column":3}},"line":21},"4":{"name":"(anonymous_4)","decl":{"start":{"line":28,"column":2},"end":{"line":28,"column":3}},"loc":{"start":{"line":28,"column":17},"end":{"line":32,"column":3}},"line":28},"5":{"name":"(anonymous_5)","decl":{"start":{"line":34,"column":2},"end":{"line":34,"column":3}},"loc":{"start":{"line":34,"column":19},"end":{"line":38,"column":3}},"line":34},"6":{"name":"(anonymous_6)","decl":{"start":{"line":40,"column":2},"end":{"line":40,"column":3}},"loc":{"start":{"line":40,"column":20},"end":{"line":44,"column":3}},"line":40},"7":{"name":"(anonymous_7)","decl":{"start":{"line":46,"column":2},"end":{"line":46,"column":3}},"loc":{"start":{"line":46,"column":16},"end":{"line":50,"column":3}},"line":46},"8":{"name":"(anonymous_8)","decl":{"start":{"line":52,"column":2},"end":{"line":52,"column":3}},"loc":{"start":{"line":52,"column":17},"end":{"line":54,"column":3}},"line":52}},"branchMap":{"0":{"loc":{"start":{"line":6,"column":6},"end":{"line":6,"column":15}},"type":"default-arg","locations":[{"start":{"line":6,"column":13},"end":{"line":6,"column":15}}],"line":6},"1":{"loc":{"start":{"line":7,"column":4},"end":{"line":11,"column":5}},"type":"if","locations":[{"start":{"line":7,"column":4},"end":{"line":11,"column":5}},{"start":{"line":7,"column":4},"end":{"line":11,"column":5}}],"line":7},"2":{"loc":{"start":{"line":17,"column":11},"end":{"line":18,"column":71}},"type":"binary-expr","locations":[{"start":{"line":17,"column":11},"end":{"line":17,"column":27}},{"start":{"line":17,"column":32},"end":{"line":17,"column":50}},{"start":{"line":18,"column":7},"end":{"line":18,"column":25}},{"start":{"line":18,"column":30},"end":{"line":18,"column":50}},{"start":{"line":18,"column":54},"end":{"line":18,"column":68}}],"line":17},"3":{"loc":{"start":{"line":24,"column":11},"end":{"line":25,"column":71}},"type":"binary-expr","locations":[{"start":{"line":24,"column":11},"end":{"line":24,"column":27}},{"start":{"line":24,"column":32},"end":{"line":24,"column":50}},{"start":{"line":25,"column":7},"end":{"line":25,"column":25}},{"start":{"line":25,"column":30},"end":{"line":25,"column":50}},{"start":{"line":25,"column":54},"end":{"line":25,"column":68}}],"line":24},"4":{"loc":{"start":{"line":31,"column":11},"end":{"line":31,"column":73}},"type":"binary-expr","locations":[{"start":{"line":31,"column":11},"end":{"line":31,"column":29}},{"start":{"line":31,"column":33},"end":{"line":31,"column":53}},{"start":{"line":31,"column":57},"end":{"line":31,"column":73}}],"line":31},"5":{"loc":{"start":{"line":41,"column":16},"end":{"line":41,"column":84}},"type":"cond-expr","locations":[{"start":{"line":41,"column":48},"end":{"line":41,"column":57}},{"start":{"line":41,"column":60},"end":{"line":41,"column":84}}],"line":41},"6":{"loc":{"start":{"line":42,"column":17},"end":{"line":42,"column":84}},"type":"cond-expr","locations":[{"start":{"line":42,"column":50},"end":{"line":42,"column":60}},{"start":{"line":42,"column":63},"end":{"line":42,"column":84}}],"line":42},"7":{"loc":{"start":{"line":43,"column":15},"end":{"line":43,"column":77}},"type":"cond-expr","locations":[{"start":{"line":43,"column":46},"end":{"line":43,"column":54}},{"start":{"line":43,"column":57},"end":{"line":43,"column":77}}],"line":43}},"s":{"0":83,"1":83,"2":57,"3":26,"4":168,"5":168,"6":210,"7":210,"8":1442,"9":1442,"10":57,"11":57,"12":57,"13":26,"14":26,"15":26,"16":5,"17":5,"18":5,"19":5},"f":{"0":83,"1":83,"2":168,"3":210,"4":1442,"5":57,"6":26,"7":5,"8":5},"b":{"0":[0],"1":[57,26],"2":[168,167,167,152,136],"3":[210,210,209,171,170],"4":[1442,1442,993],"5":[25,1],"6":[25,1],"7":[25,1]},"_coverageSchema":"43e27e138ebf9cfc5966b082cf9a028302ed4184","hash":"747aaf08a269d9ee43c530678b253a68c3dc71c2"}
,"/Users/romansereda/Documents/Projects/sandboxRN/ios/react-native-min-range-calendar/src/DatesManager.js": {"path":"/Users/romansereda/Documents/Projects/sandboxRN/ios/react-native-min-range-calendar/src/DatesManager.js","statementMap":{"0":{"start":{"line":5,"column":21},"end":{"line":84,"column":1}},"1":{"start":{"line":6,"column":97},"end":{"line":6,"column":102}},"2":{"start":{"line":12,"column":4},"end":{"line":29,"column":6}},"3":{"start":{"line":13,"column":23},"end":{"line":13,"column":64}},"4":{"start":{"line":14,"column":23},"end":{"line":14,"column":64}},"5":{"start":{"line":16,"column":8},"end":{"line":26,"column":9}},"6":{"start":{"line":17,"column":12},"end":{"line":17,"column":64}},"7":{"start":{"line":17,"column":25},"end":{"line":17,"column":64}},"8":{"start":{"line":19,"column":12},"end":{"line":22,"column":13}},"9":{"start":{"line":20,"column":34},"end":{"line":20,"column":61}},"10":{"start":{"line":21,"column":16},"end":{"line":21,"column":95}},"11":{"start":{"line":24,"column":30},"end":{"line":24,"column":35}},"12":{"start":{"line":25,"column":12},"end":{"line":25,"column":90}},"13":{"start":{"line":28,"column":8},"end":{"line":28,"column":38}},"14":{"start":{"line":31,"column":4},"end":{"line":49,"column":6}},"15":{"start":{"line":32,"column":8},"end":{"line":35,"column":9}},"16":{"start":{"line":33,"column":12},"end":{"line":33,"column":32}},"17":{"start":{"line":34,"column":12},"end":{"line":34,"column":73}},"18":{"start":{"line":37,"column":8},"end":{"line":40,"column":9}},"19":{"start":{"line":38,"column":12},"end":{"line":38,"column":30}},"20":{"start":{"line":39,"column":12},"end":{"line":39,"column":75}},"21":{"start":{"line":42,"column":8},"end":{"line":42,"column":89}},"22":{"start":{"line":42,"column":57},"end":{"line":42,"column":89}},"23":{"start":{"line":43,"column":8},"end":{"line":45,"column":9}},"24":{"start":{"line":44,"column":12},"end":{"line":44,"column":43}},"25":{"start":{"line":46,"column":8},"end":{"line":46,"column":72}},"26":{"start":{"line":46,"column":39},"end":{"line":46,"column":72}},"27":{"start":{"line":48,"column":8},"end":{"line":48,"column":45}},"28":{"start":{"line":51,"column":4},"end":{"line":61,"column":6}},"29":{"start":{"line":52,"column":8},"end":{"line":58,"column":9}},"30":{"start":{"line":53,"column":12},"end":{"line":57,"column":13}},"31":{"start":{"line":54,"column":16},"end":{"line":54,"column":28}},"32":{"start":{"line":56,"column":16},"end":{"line":56,"column":39}},"33":{"start":{"line":60,"column":8},"end":{"line":60,"column":21}},"34":{"start":{"line":63,"column":4},"end":{"line":65,"column":6}},"35":{"start":{"line":64,"column":8},"end":{"line":64,"column":51}},"36":{"start":{"line":67,"column":35},"end":{"line":67,"column":61}},"37":{"start":{"line":70,"column":4},"end":{"line":70,"column":46}},"38":{"start":{"line":71,"column":21},"end":{"line":71,"column":42}},"39":{"start":{"line":72,"column":21},"end":{"line":72,"column":48}},"40":{"start":{"line":74,"column":23},"end":{"line":74,"column":28}},"41":{"start":{"line":74,"column":43},"end":{"line":74,"column":48}},"42":{"start":{"line":76,"column":25},"end":{"line":76,"column":35}},"43":{"start":{"line":79,"column":20},"end":{"line":79,"column":36}},"44":{"start":{"line":82,"column":4},"end":{"line":82,"column":63}},"45":{"start":{"line":82,"column":43},"end":{"line":82,"column":63}},"46":{"start":{"line":83,"column":4},"end":{"line":83,"column":57}},"47":{"start":{"line":83,"column":39},"end":{"line":83,"column":57}}},"fnMap":{"0":{"name":"(anonymous_0)","decl":{"start":{"line":5,"column":21},"end":{"line":5,"column":22}},"loc":{"start":{"line":5,"column":36},"end":{"line":84,"column":1}},"line":5},"1":{"name":"(anonymous_1)","decl":{"start":{"line":12,"column":31},"end":{"line":12,"column":32}},"loc":{"start":{"line":12,"column":37},"end":{"line":29,"column":5}},"line":12},"2":{"name":"(anonymous_2)","decl":{"start":{"line":31,"column":22},"end":{"line":31,"column":23}},"loc":{"start":{"line":31,"column":42},"end":{"line":49,"column":5}},"line":31},"3":{"name":"(anonymous_3)","decl":{"start":{"line":51,"column":28},"end":{"line":51,"column":29}},"loc":{"start":{"line":51,"column":38},"end":{"line":61,"column":5}},"line":51},"4":{"name":"(anonymous_4)","decl":{"start":{"line":63,"column":27},"end":{"line":63,"column":28}},"loc":{"start":{"line":63,"column":37},"end":{"line":65,"column":5}},"line":63}},"branchMap":{"0":{"loc":{"start":{"line":13,"column":23},"end":{"line":13,"column":64}},"type":"cond-expr","locations":[{"start":{"line":13,"column":33},"end":{"line":13,"column":56}},{"start":{"line":13,"column":59},"end":{"line":13,"column":64}}],"line":13},"1":{"loc":{"start":{"line":14,"column":23},"end":{"line":14,"column":64}},"type":"cond-expr","locations":[{"start":{"line":14,"column":33},"end":{"line":14,"column":56}},{"start":{"line":14,"column":59},"end":{"line":14,"column":64}}],"line":14},"2":{"loc":{"start":{"line":16,"column":8},"end":{"line":26,"column":9}},"type":"if","locations":[{"start":{"line":16,"column":8},"end":{"line":26,"column":9}},{"start":{"line":16,"column":8},"end":{"line":26,"column":9}}],"line":16},"3":{"loc":{"start":{"line":16,"column":11},"end":{"line":16,"column":57}},"type":"binary-expr","locations":[{"start":{"line":16,"column":11},"end":{"line":16,"column":16}},{"start":{"line":16,"column":20},"end":{"line":16,"column":33}},{"start":{"line":16,"column":37},"end":{"line":16,"column":57}}],"line":16},"4":{"loc":{"start":{"line":17,"column":12},"end":{"line":17,"column":64}},"type":"if","locations":[{"start":{"line":17,"column":12},"end":{"line":17,"column":64}},{"start":{"line":17,"column":12},"end":{"line":17,"column":64}}],"line":17},"5":{"loc":{"start":{"line":19,"column":12},"end":{"line":22,"column":13}},"type":"if","locations":[{"start":{"line":19,"column":12},"end":{"line":22,"column":13}},{"start":{"line":19,"column":12},"end":{"line":22,"column":13}}],"line":19},"6":{"loc":{"start":{"line":21,"column":27},"end":{"line":21,"column":94}},"type":"cond-expr","locations":[{"start":{"line":21,"column":72},"end":{"line":21,"column":80}},{"start":{"line":21,"column":83},"end":{"line":21,"column":94}}],"line":21},"7":{"loc":{"start":{"line":21,"column":27},"end":{"line":21,"column":69}},"type":"binary-expr","locations":[{"start":{"line":21,"column":27},"end":{"line":21,"column":35}},{"start":{"line":21,"column":39},"end":{"line":21,"column":69}}],"line":21},"8":{"loc":{"start":{"line":25,"column":23},"end":{"line":25,"column":89}},"type":"cond-expr","locations":[{"start":{"line":25,"column":67},"end":{"line":25,"column":75}},{"start":{"line":25,"column":78},"end":{"line":25,"column":89}}],"line":25},"9":{"loc":{"start":{"line":25,"column":23},"end":{"line":25,"column":64}},"type":"binary-expr","locations":[{"start":{"line":25,"column":23},"end":{"line":25,"column":31}},{"start":{"line":25,"column":35},"end":{"line":25,"column":64}}],"line":25},"10":{"loc":{"start":{"line":32,"column":8},"end":{"line":35,"column":9}},"type":"if","locations":[{"start":{"line":32,"column":8},"end":{"line":35,"column":9}},{"start":{"line":32,"column":8},"end":{"line":35,"column":9}}],"line":32},"11":{"loc":{"start":{"line":32,"column":11},"end":{"line":32,"column":58}},"type":"binary-expr","locations":[{"start":{"line":32,"column":11},"end":{"line":32,"column":24}},{"start":{"line":32,"column":28},"end":{"line":32,"column":33}},{"start":{"line":32,"column":37},"end":{"line":32,"column":58}}],"line":32},"12":{"loc":{"start":{"line":34,"column":59},"end":{"line":34,"column":71}},"type":"binary-expr","locations":[{"start":{"line":34,"column":59},"end":{"line":34,"column":64}},{"start":{"line":34,"column":68},"end":{"line":34,"column":71}}],"line":34},"13":{"loc":{"start":{"line":37,"column":8},"end":{"line":40,"column":9}},"type":"if","locations":[{"start":{"line":37,"column":8},"end":{"line":40,"column":9}},{"start":{"line":37,"column":8},"end":{"line":40,"column":9}}],"line":37},"14":{"loc":{"start":{"line":37,"column":11},"end":{"line":37,"column":52}},"type":"binary-expr","locations":[{"start":{"line":37,"column":11},"end":{"line":37,"column":22}},{"start":{"line":37,"column":26},"end":{"line":37,"column":29}},{"start":{"line":37,"column":33},"end":{"line":37,"column":52}}],"line":37},"15":{"loc":{"start":{"line":39,"column":60},"end":{"line":39,"column":72}},"type":"binary-expr","locations":[{"start":{"line":39,"column":60},"end":{"line":39,"column":65}},{"start":{"line":39,"column":69},"end":{"line":39,"column":72}}],"line":39},"16":{"loc":{"start":{"line":42,"column":8},"end":{"line":42,"column":89}},"type":"if","locations":[{"start":{"line":42,"column":8},"end":{"line":42,"column":89}},{"start":{"line":42,"column":8},"end":{"line":42,"column":89}}],"line":42},"17":{"loc":{"start":{"line":42,"column":11},"end":{"line":42,"column":55}},"type":"binary-expr","locations":[{"start":{"line":42,"column":11},"end":{"line":42,"column":24}},{"start":{"line":42,"column":28},"end":{"line":42,"column":40}},{"start":{"line":42,"column":44},"end":{"line":42,"column":55}}],"line":42},"18":{"loc":{"start":{"line":43,"column":8},"end":{"line":45,"column":9}},"type":"if","locations":[{"start":{"line":43,"column":8},"end":{"line":45,"column":9}},{"start":{"line":43,"column":8},"end":{"line":45,"column":9}}],"line":43},"19":{"loc":{"start":{"line":43,"column":11},"end":{"line":43,"column":68}},"type":"binary-expr","locations":[{"start":{"line":43,"column":11},"end":{"line":43,"column":38}},{"start":{"line":43,"column":42},"end":{"line":43,"column":68}}],"line":43},"20":{"loc":{"start":{"line":46,"column":8},"end":{"line":46,"column":72}},"type":"if","locations":[{"start":{"line":46,"column":8},"end":{"line":46,"column":72}},{"start":{"line":46,"column":8},"end":{"line":46,"column":72}}],"line":46},"21":{"loc":{"start":{"line":52,"column":8},"end":{"line":58,"column":9}},"type":"if","locations":[{"start":{"line":52,"column":8},"end":{"line":58,"column":9}},{"start":{"line":52,"column":8},"end":{"line":58,"column":9}}],"line":52},"22":{"loc":{"start":{"line":52,"column":11},"end":{"line":52,"column":37}},"type":"binary-expr","locations":[{"start":{"line":52,"column":11},"end":{"line":52,"column":19}},{"start":{"line":52,"column":23},"end":{"line":52,"column":37}}],"line":52},"23":{"loc":{"start":{"line":53,"column":12},"end":{"line":57,"column":13}},"type":"if","locations":[{"start":{"line":53,"column":12},"end":{"line":57,"column":13}},{"start":{"line":53,"column":12},"end":{"line":57,"column":13}}],"line":53},"24":{"loc":{"start":{"line":64,"column":15},"end":{"line":64,"column":50}},"type":"binary-expr","locations":[{"start":{"line":64,"column":15},"end":{"line":64,"column":23}},{"start":{"line":64,"column":27},"end":{"line":64,"column":50}}],"line":64},"25":{"loc":{"start":{"line":82,"column":4},"end":{"line":82,"column":63}},"type":"if","locations":[{"start":{"line":82,"column":4},"end":{"line":82,"column":63}},{"start":{"line":82,"column":4},"end":{"line":82,"column":63}}],"line":82},"26":{"loc":{"start":{"line":82,"column":7},"end":{"line":82,"column":41}},"type":"binary-expr","locations":[{"start":{"line":82,"column":7},"end":{"line":82,"column":12}},{"start":{"line":82,"column":16},"end":{"line":82,"column":41}}],"line":82},"27":{"loc":{"start":{"line":83,"column":4},"end":{"line":83,"column":57}},"type":"if","locations":[{"start":{"line":83,"column":4},"end":{"line":83,"column":57}},{"start":{"line":83,"column":4},"end":{"line":83,"column":57}}],"line":83},"28":{"loc":{"start":{"line":83,"column":7},"end":{"line":83,"column":37}},"type":"binary-expr","locations":[{"start":{"line":83,"column":7},"end":{"line":83,"column":10}},{"start":{"line":83,"column":14},"end":{"line":83,"column":37}}],"line":83}},"s":{"0":2,"1":39,"2":39,"3":39,"4":39,"5":39,"6":11,"7":2,"8":11,"9":2,"10":2,"11":11,"12":11,"13":39,"14":39,"15":1365,"16":16,"17":16,"18":1349,"19":7,"20":7,"21":1342,"22":90,"23":1252,"24":259,"25":993,"26":20,"27":973,"28":39,"29":1252,"30":202,"31":187,"32":15,"33":1065,"34":39,"35":1065,"36":39,"37":39,"38":39,"39":39,"40":39,"41":39,"42":39,"43":39,"44":39,"45":5,"46":39,"47":1},"f":{"0":39,"1":39,"2":1365,"3":1252,"4":1065},"b":{"0":[6,33],"1":[6,33],"2":[11,28],"3":[39,21,12],"4":[2,9],"5":[2,9],"6":[0,2],"7":[2,2],"8":[2,9],"9":[11,2],"10":[16,1349],"11":[1365,889,259],"12":[16,16],"13":[7,1342],"14":[1349,1229,189],"15":[7,7],"16":[90,1252],"17":[1342,302,210],"18":[259,993],"19":[1252,1065],"20":[20,973],"21":[202,1050],"22":[1252,513],"23":[187,15],"24":[1065,123],"25":[5,34],"26":[39,21],"27":[1,38],"28":[39,9]},"_coverageSchema":"43e27e138ebf9cfc5966b082cf9a028302ed4184","hash":"8a804b131adc44c60ac60219df0bbc554422f4cc"}
,"/Users/romansereda/Documents/Projects/sandboxRN/ios/react-native-min-range-calendar/src/FormatDate.js": {"path":"/Users/romansereda/Documents/Projects/sandboxRN/ios/react-native-min-range-calendar/src/FormatDate.js","statementMap":{"0":{"start":{"line":1,"column":17},"end":{"line":1,"column":54}},"1":{"start":{"line":3,"column":15},"end":{"line":16,"column":1}},"2":{"start":{"line":19,"column":4},"end":{"line":26,"column":6}},"3":{"start":{"line":20,"column":8},"end":{"line":23,"column":9}},"4":{"start":{"line":21,"column":30},"end":{"line":21,"column":74}},"5":{"start":{"line":22,"column":12},"end":{"line":22,"column":99}},"6":{"start":{"line":25,"column":8},"end":{"line":25,"column":19}}},"fnMap":{"0":{"name":"(anonymous_0)","decl":{"start":{"line":18,"column":15},"end":{"line":18,"column":16}},"loc":{"start":{"line":18,"column":47},"end":{"line":27,"column":1}},"line":18},"1":{"name":"(anonymous_1)","decl":{"start":{"line":19,"column":42},"end":{"line":19,"column":43}},"loc":{"start":{"line":19,"column":51},"end":{"line":26,"column":5}},"line":19}},"branchMap":{"0":{"loc":{"start":{"line":20,"column":8},"end":{"line":23,"column":9}},"type":"if","locations":[{"start":{"line":20,"column":8},"end":{"line":23,"column":9}},{"start":{"line":20,"column":8},"end":{"line":23,"column":9}}],"line":20}},"s":{"0":3,"1":3,"2":18,"3":26,"4":25,"5":25,"6":1},"f":{"0":18,"1":26},"b":{"0":[25,1]},"_coverageSchema":"43e27e138ebf9cfc5966b082cf9a028302ed4184","hash":"e15f72e659f297ebaddbf8fa6dc6ccd3f3bebc0a"}
,"/Users/romansereda/Documents/Projects/sandboxRN/ios/react-native-min-range-calendar/src/constants.js": {"path":"/Users/romansereda/Documents/Projects/sandboxRN/ios/react-native-min-range-calendar/src/constants.js","statementMap":{"0":{"start":{"line":1,"column":13},"end":{"line":5,"column":1}},"1":{"start":{"line":7,"column":15},"end":{"line":19,"column":1}},"2":{"start":{"line":21,"column":0},"end":{"line":21,"column":24}},"3":{"start":{"line":22,"column":0},"end":{"line":22,"column":20}}},"fnMap":{},"branchMap":{},"s":{"0":3,"1":3,"2":3,"3":3},"f":{},"b":{},"_coverageSchema":"43e27e138ebf9cfc5966b082cf9a028302ed4184","hash":"0b09aa50ec604f7c71835420b32fb417b21f3d68"}
,"/Users/romansereda/Documents/Projects/sandboxRN/ios/react-native-min-range-calendar/src/helper.js": {"path":"/Users/romansereda/Documents/Projects/sandboxRN/ios/react-native-min-range-calendar/src/helper.js","statementMap":{"0":{"start":{"line":3,"column":19},"end":{"line":3,"column":76}},"1":{"start":{"line":3,"column":37},"end":{"line":3,"column":75}},"2":{"start":{"line":4,"column":22},"end":{"line":4,"column":65}},"3":{"start":{"line":4,"column":40},"end":{"line":4,"column":64}},"4":{"start":{"line":10,"column":17},"end":{"line":35,"column":1}},"5":{"start":{"line":11,"column":18},"end":{"line":11,"column":48}},"6":{"start":{"line":12,"column":2},"end":{"line":12,"column":65}},"7":{"start":{"line":14,"column":18},"end":{"line":14,"column":43}},"8":{"start":{"line":15,"column":2},"end":{"line":15,"column":65}},"9":{"start":{"line":17,"column":18},"end":{"line":17,"column":43}},"10":{"start":{"line":17,"column":52},"end":{"line":17,"column":54}},"11":{"start":{"line":18,"column":17},"end":{"line":18,"column":45}},"12":{"start":{"line":18,"column":67},"end":{"line":18,"column":84}},"13":{"start":{"line":19,"column":19},"end":{"line":19,"column":65}},"14":{"start":{"line":21,"column":16},"end":{"line":28,"column":3}},"15":{"start":{"line":22,"column":4},"end":{"line":26,"column":5}},"16":{"start":{"line":23,"column":6},"end":{"line":23,"column":116}},"17":{"start":{"line":24,"column":11},"end":{"line":26,"column":5}},"18":{"start":{"line":25,"column":6},"end":{"line":25,"column":109}},"19":{"start":{"line":27,"column":4},"end":{"line":27,"column":63}},"20":{"start":{"line":30,"column":2},"end":{"line":33,"column":3}},"21":{"start":{"line":30,"column":17},"end":{"line":30,"column":18}},"22":{"start":{"line":31,"column":4},"end":{"line":31,"column":18}},"23":{"start":{"line":32,"column":4},"end":{"line":32,"column":78}},"24":{"start":{"line":32,"column":18},"end":{"line":32,"column":19}},"25":{"start":{"line":32,"column":37},"end":{"line":32,"column":78}},"26":{"start":{"line":34,"column":2},"end":{"line":34,"column":14}},"27":{"start":{"line":37,"column":22},"end":{"line":48,"column":1}},"28":{"start":{"line":38,"column":13},"end":{"line":38,"column":18}},"29":{"start":{"line":40,"column":2},"end":{"line":40,"column":15}},"30":{"start":{"line":42,"column":2},"end":{"line":45,"column":3}},"31":{"start":{"line":43,"column":4},"end":{"line":43,"column":20}},"32":{"start":{"line":44,"column":4},"end":{"line":44,"column":16}},"33":{"start":{"line":47,"column":2},"end":{"line":47,"column":14}},"34":{"start":{"line":50,"column":17},"end":{"line":61,"column":1}},"35":{"start":{"line":51,"column":13},"end":{"line":51,"column":18}},"36":{"start":{"line":53,"column":2},"end":{"line":53,"column":15}},"37":{"start":{"line":55,"column":2},"end":{"line":58,"column":3}},"38":{"start":{"line":56,"column":4},"end":{"line":56,"column":19}},"39":{"start":{"line":57,"column":4},"end":{"line":57,"column":16}},"40":{"start":{"line":60,"column":2},"end":{"line":60,"column":14}},"41":{"start":{"line":63,"column":20},"end":{"line":73,"column":1}},"42":{"start":{"line":65,"column":13},"end":{"line":65,"column":36}},"43":{"start":{"line":65,"column":45},"end":{"line":65,"column":47}},"44":{"start":{"line":67,"column":2},"end":{"line":70,"column":3}},"45":{"start":{"line":67,"column":14},"end":{"line":67,"column":15}},"46":{"start":{"line":68,"column":4},"end":{"line":68,"column":65}},"47":{"start":{"line":69,"column":4},"end":{"line":69,"column":37}},"48":{"start":{"line":72,"column":2},"end":{"line":72,"column":14}},"49":{"start":{"line":75,"column":22},"end":{"line":85,"column":1}},"50":{"start":{"line":77,"column":13},"end":{"line":77,"column":36}},"51":{"start":{"line":77,"column":47},"end":{"line":77,"column":49}},"52":{"start":{"line":79,"column":2},"end":{"line":82,"column":3}},"53":{"start":{"line":79,"column":14},"end":{"line":79,"column":15}},"54":{"start":{"line":80,"column":4},"end":{"line":80,"column":64}},"55":{"start":{"line":81,"column":4},"end":{"line":81,"column":39}},"56":{"start":{"line":84,"column":2},"end":{"line":84,"column":16}},"57":{"start":{"line":87,"column":20},"end":{"line":98,"column":1}},"58":{"start":{"line":89,"column":22},"end":{"line":89,"column":47}},"59":{"start":{"line":91,"column":2},"end":{"line":95,"column":5}},"60":{"start":{"line":92,"column":4},"end":{"line":94,"column":5}},"61":{"start":{"line":93,"column":6},"end":{"line":93,"column":43}},"62":{"start":{"line":97,"column":2},"end":{"line":97,"column":23}},"63":{"start":{"line":100,"column":20},"end":{"line":111,"column":3}},"64":{"start":{"line":102,"column":17},"end":{"line":102,"column":43}},"65":{"start":{"line":104,"column":4},"end":{"line":108,"column":7}},"66":{"start":{"line":105,"column":6},"end":{"line":107,"column":7}},"67":{"start":{"line":106,"column":8},"end":{"line":106,"column":70}},"68":{"start":{"line":110,"column":4},"end":{"line":110,"column":18}}},"fnMap":{"0":{"name":"(anonymous_0)","decl":{"start":{"line":3,"column":19},"end":{"line":3,"column":20}},"loc":{"start":{"line":3,"column":37},"end":{"line":3,"column":75}},"line":3},"1":{"name":"(anonymous_1)","decl":{"start":{"line":4,"column":22},"end":{"line":4,"column":23}},"loc":{"start":{"line":4,"column":40},"end":{"line":4,"column":64}},"line":4},"2":{"name":"(anonymous_2)","decl":{"start":{"line":10,"column":17},"end":{"line":10,"column":18}},"loc":{"start":{"line":10,"column":34},"end":{"line":35,"column":1}},"line":10},"3":{"name":"(anonymous_3)","decl":{"start":{"line":21,"column":16},"end":{"line":21,"column":17}},"loc":{"start":{"line":21,"column":27},"end":{"line":28,"column":3}},"line":21},"4":{"name":"(anonymous_4)","decl":{"start":{"line":37,"column":22},"end":{"line":37,"column":23}},"loc":{"start":{"line":37,"column":33},"end":{"line":48,"column":1}},"line":37},"5":{"name":"(anonymous_5)","decl":{"start":{"line":50,"column":17},"end":{"line":50,"column":18}},"loc":{"start":{"line":50,"column":28},"end":{"line":61,"column":1}},"line":50},"6":{"name":"(anonymous_6)","decl":{"start":{"line":63,"column":20},"end":{"line":63,"column":21}},"loc":{"start":{"line":63,"column":32},"end":{"line":73,"column":1}},"line":63},"7":{"name":"(anonymous_7)","decl":{"start":{"line":75,"column":22},"end":{"line":75,"column":23}},"loc":{"start":{"line":75,"column":34},"end":{"line":85,"column":1}},"line":75},"8":{"name":"(anonymous_8)","decl":{"start":{"line":87,"column":20},"end":{"line":87,"column":21}},"loc":{"start":{"line":87,"column":41},"end":{"line":98,"column":1}},"line":87},"9":{"name":"(anonymous_9)","decl":{"start":{"line":91,"column":34},"end":{"line":91,"column":35}},"loc":{"start":{"line":91,"column":41},"end":{"line":95,"column":3}},"line":91},"10":{"name":"(anonymous_10)","decl":{"start":{"line":100,"column":20},"end":{"line":100,"column":21}},"loc":{"start":{"line":100,"column":69},"end":{"line":111,"column":3}},"line":100},"11":{"name":"(anonymous_11)","decl":{"start":{"line":104,"column":36},"end":{"line":104,"column":37}},"loc":{"start":{"line":104,"column":43},"end":{"line":108,"column":5}},"line":104}},"branchMap":{"0":{"loc":{"start":{"line":22,"column":4},"end":{"line":26,"column":5}},"type":"if","locations":[{"start":{"line":22,"column":4},"end":{"line":26,"column":5}},{"start":{"line":22,"column":4},"end":{"line":26,"column":5}}],"line":22},"1":{"loc":{"start":{"line":24,"column":11},"end":{"line":26,"column":5}},"type":"if","locations":[{"start":{"line":24,"column":11},"end":{"line":26,"column":5}},{"start":{"line":24,"column":11},"end":{"line":26,"column":5}}],"line":24},"2":{"loc":{"start":{"line":42,"column":2},"end":{"line":45,"column":3}},"type":"if","locations":[{"start":{"line":42,"column":2},"end":{"line":45,"column":3}},{"start":{"line":42,"column":2},"end":{"line":45,"column":3}}],"line":42},"3":{"loc":{"start":{"line":55,"column":2},"end":{"line":58,"column":3}},"type":"if","locations":[{"start":{"line":55,"column":2},"end":{"line":58,"column":3}},{"start":{"line":55,"column":2},"end":{"line":58,"column":3}}],"line":55},"4":{"loc":{"start":{"line":87,"column":21},"end":{"line":87,"column":36}},"type":"default-arg","locations":[{"start":{"line":87,"column":34},"end":{"line":87,"column":36}}],"line":87},"5":{"loc":{"start":{"line":92,"column":4},"end":{"line":94,"column":5}},"type":"if","locations":[{"start":{"line":92,"column":4},"end":{"line":94,"column":5}},{"start":{"line":92,"column":4},"end":{"line":94,"column":5}}],"line":92},"6":{"loc":{"start":{"line":100,"column":54},"end":{"line":100,"column":64}},"type":"default-arg","locations":[{"start":{"line":100,"column":62},"end":{"line":100,"column":64}}],"line":100},"7":{"loc":{"start":{"line":105,"column":6},"end":{"line":107,"column":7}},"type":"if","locations":[{"start":{"line":105,"column":6},"end":{"line":107,"column":7}},{"start":{"line":105,"column":6},"end":{"line":107,"column":7}}],"line":105}},"s":{"0":3,"1":129,"2":3,"3":43,"4":3,"5":43,"6":43,"7":43,"8":43,"9":43,"10":43,"11":43,"12":43,"13":43,"14":43,"15":1505,"16":86,"17":1419,"18":144,"19":1275,"20":43,"21":43,"22":215,"23":215,"24":215,"25":1505,"26":43,"27":3,"28":46,"29":46,"30":46,"31":2,"32":2,"33":46,"34":3,"35":48,"36":48,"37":48,"38":2,"39":2,"40":48,"41":3,"42":13,"43":13,"44":13,"45":13,"46":91,"47":91,"48":13,"49":3,"50":14,"51":14,"52":14,"53":14,"54":168,"55":168,"56":14,"57":3,"58":12,"59":12,"60":3,"61":3,"62":12,"63":3,"64":24,"65":24,"66":7,"67":3,"68":24},"f":{"0":129,"1":43,"2":43,"3":1505,"4":46,"5":48,"6":13,"7":14,"8":12,"9":3,"10":24,"11":7},"b":{"0":[86,1419],"1":[144,1275],"2":[2,44],"3":[2,46],"4":[0],"5":[3,0],"6":[1],"7":[3,4]},"_coverageSchema":"43e27e138ebf9cfc5966b082cf9a028302ed4184","hash":"7200e68954ed3cd477fb2115b092656c6b522b0a"}
,"/Users/romansereda/Documents/Projects/sandboxRN/ios/react-native-min-range-calendar/src/components/Calendar.js": {"path":"/Users/romansereda/Documents/Projects/sandboxRN/ios/react-native-min-range-calendar/src/components/Calendar.js","statementMap":{"0":{"start":{"line":10,"column":4},"end":{"line":10,"column":17}},"1":{"start":{"line":12,"column":19},"end":{"line":12,"column":32}},"2":{"start":{"line":14,"column":4},"end":{"line":17,"column":6}},"3":{"start":{"line":21,"column":19},"end":{"line":21,"column":41}},"4":{"start":{"line":22,"column":4},"end":{"line":22,"column":65}},"5":{"start":{"line":22,"column":41},"end":{"line":22,"column":65}},"6":{"start":{"line":27,"column":83},"end":{"line":27,"column":93}},"7":{"start":{"line":28,"column":19},"end":{"line":28,"column":21}},"8":{"start":{"line":30,"column":4},"end":{"line":36,"column":5}},"9":{"start":{"line":32,"column":19},"end":{"line":32,"column":49}},"10":{"start":{"line":33,"column":18},"end":{"line":33,"column":43}},"11":{"start":{"line":34,"column":19},"end":{"line":34,"column":75}},"12":{"start":{"line":35,"column":6},"end":{"line":35,"column":35}},"13":{"start":{"line":38,"column":4},"end":{"line":41,"column":5}},"14":{"start":{"line":39,"column":6},"end":{"line":39,"column":46}},"15":{"start":{"line":40,"column":6},"end":{"line":40,"column":48}},"16":{"start":{"line":43,"column":4},"end":{"line":46,"column":5}},"17":{"start":{"line":44,"column":6},"end":{"line":44,"column":53}},"18":{"start":{"line":45,"column":6},"end":{"line":45,"column":57}},"19":{"start":{"line":48,"column":4},"end":{"line":48,"column":20}},"20":{"start":{"line":52,"column":33},"end":{"line":52,"column":43}},"21":{"start":{"line":54,"column":4},"end":{"line":64,"column":5}},"22":{"start":{"line":57,"column":10},"end":{"line":61,"column":17}},"23":{"start":{"line":68,"column":21},"end":{"line":68,"column":31}},"24":{"start":{"line":69,"column":29},"end":{"line":69,"column":39}},"25":{"start":{"line":71,"column":4},"end":{"line":76,"column":7}},"26":{"start":{"line":72,"column":6},"end":{"line":75,"column":9}},"27":{"start":{"line":74,"column":8},"end":{"line":74,"column":18}},"28":{"start":{"line":80,"column":4},"end":{"line":85,"column":6}},"29":{"start":{"line":82,"column":6},"end":{"line":84,"column":9}},"30":{"start":{"line":83,"column":8},"end":{"line":83,"column":21}},"31":{"start":{"line":89,"column":34},"end":{"line":89,"column":44}},"32":{"start":{"line":90,"column":4},"end":{"line":90,"column":55}},"33":{"start":{"line":94,"column":34},"end":{"line":94,"column":44}},"34":{"start":{"line":95,"column":4},"end":{"line":95,"column":60}},"35":{"start":{"line":99,"column":54},"end":{"line":99,"column":64}},"36":{"start":{"line":100,"column":42},"end":{"line":100,"column":52}},"37":{"start":{"line":102,"column":20},"end":{"line":102,"column":37}},"38":{"start":{"line":104,"column":4},"end":{"line":121,"column":5}},"39":{"start":{"line":108,"column":79},"end":{"line":108,"column":95}},"40":{"start":{"line":117,"column":80},"end":{"line":117,"column":96}},"41":{"start":{"line":125,"column":36},"end":{"line":125,"column":46}},"42":{"start":{"line":128,"column":8},"end":{"line":128,"column":18}},"43":{"start":{"line":130,"column":21},"end":{"line":130,"column":66}},"44":{"start":{"line":131,"column":4},"end":{"line":131,"column":41}},"45":{"start":{"line":131,"column":26},"end":{"line":131,"column":41}},"46":{"start":{"line":133,"column":4},"end":{"line":147,"column":5}},"47":{"start":{"line":151,"column":29},"end":{"line":151,"column":39}},"48":{"start":{"line":153,"column":4},"end":{"line":163,"column":5}},"49":{"start":{"line":167,"column":0},"end":{"line":184,"column":2}},"50":{"start":{"line":186,"column":0},"end":{"line":203,"column":2}},"51":{"start":{"line":205,"column":18},"end":{"line":262,"column":2}},"52":{"start":{"line":205,"column":38},"end":{"line":262,"column":1}}},"fnMap":{"0":{"name":"(anonymous_0)","decl":{"start":{"line":9,"column":2},"end":{"line":9,"column":3}},"loc":{"start":{"line":9,"column":20},"end":{"line":18,"column":3}},"line":9},"1":{"name":"(anonymous_1)","decl":{"start":{"line":20,"column":2},"end":{"line":20,"column":3}},"loc":{"start":{"line":20,"column":42},"end":{"line":23,"column":3}},"line":20},"2":{"name":"(anonymous_2)","decl":{"start":{"line":26,"column":2},"end":{"line":26,"column":3}},"loc":{"start":{"line":26,"column":24},"end":{"line":49,"column":3}},"line":26},"3":{"name":"(anonymous_3)","decl":{"start":{"line":51,"column":2},"end":{"line":51,"column":3}},"loc":{"start":{"line":51,"column":23},"end":{"line":65,"column":3}},"line":51},"4":{"name":"(anonymous_4)","decl":{"start":{"line":56,"column":23},"end":{"line":56,"column":24}},"loc":{"start":{"line":56,"column":30},"end":{"line":62,"column":9}},"line":56},"5":{"name":"(anonymous_5)","decl":{"start":{"line":67,"column":2},"end":{"line":67,"column":3}},"loc":{"start":{"line":67,"column":13},"end":{"line":77,"column":3}},"line":67},"6":{"name":"(anonymous_6)","decl":{"start":{"line":71,"column":23},"end":{"line":71,"column":24}},"loc":{"start":{"line":71,"column":44},"end":{"line":76,"column":5}},"line":71},"7":{"name":"(anonymous_7)","decl":{"start":{"line":73,"column":13},"end":{"line":73,"column":14}},"loc":{"start":{"line":73,"column":19},"end":{"line":75,"column":7}},"line":73},"8":{"name":"(anonymous_8)","decl":{"start":{"line":79,"column":2},"end":{"line":79,"column":3}},"loc":{"start":{"line":79,"column":19},"end":{"line":86,"column":3}},"line":79},"9":{"name":"(anonymous_9)","decl":{"start":{"line":80,"column":22},"end":{"line":80,"column":23}},"loc":{"start":{"line":80,"column":28},"end":{"line":85,"column":5}},"line":80},"10":{"name":"(anonymous_10)","decl":{"start":{"line":82,"column":60},"end":{"line":82,"column":61}},"loc":{"start":{"line":82,"column":66},"end":{"line":84,"column":7}},"line":82},"11":{"name":"(anonymous_11)","decl":{"start":{"line":88,"column":2},"end":{"line":88,"column":3}},"loc":{"start":{"line":88,"column":13},"end":{"line":91,"column":3}},"line":88},"12":{"name":"(anonymous_12)","decl":{"start":{"line":93,"column":2},"end":{"line":93,"column":3}},"loc":{"start":{"line":93,"column":13},"end":{"line":96,"column":3}},"line":93},"13":{"name":"(anonymous_13)","decl":{"start":{"line":98,"column":2},"end":{"line":98,"column":3}},"loc":{"start":{"line":98,"column":16},"end":{"line":122,"column":3}},"line":98},"14":{"name":"(anonymous_14)","decl":{"start":{"line":108,"column":73},"end":{"line":108,"column":74}},"loc":{"start":{"line":108,"column":79},"end":{"line":108,"column":95}},"line":108},"15":{"name":"(anonymous_15)","decl":{"start":{"line":117,"column":74},"end":{"line":117,"column":75}},"loc":{"start":{"line":117,"column":80},"end":{"line":117,"column":96}},"line":117},"16":{"name":"(anonymous_16)","decl":{"start":{"line":124,"column":2},"end":{"line":124,"column":3}},"loc":{"start":{"line":124,"column":20},"end":{"line":148,"column":3}},"line":124},"17":{"name":"(anonymous_17)","decl":{"start":{"line":150,"column":2},"end":{"line":150,"column":3}},"loc":{"start":{"line":150,"column":10},"end":{"line":164,"column":3}},"line":150},"18":{"name":"(anonymous_18)","decl":{"start":{"line":174,"column":16},"end":{"line":174,"column":17}},"loc":{"start":{"line":174,"column":22},"end":{"line":174,"column":24}},"line":174},"19":{"name":"(anonymous_19)","decl":{"start":{"line":205,"column":18},"end":{"line":205,"column":19}},"loc":{"start":{"line":205,"column":38},"end":{"line":262,"column":1}},"line":205}},"branchMap":{"0":{"loc":{"start":{"line":22,"column":4},"end":{"line":22,"column":65}},"type":"if","locations":[{"start":{"line":22,"column":4},"end":{"line":22,"column":65}},{"start":{"line":22,"column":4},"end":{"line":22,"column":65}}],"line":22},"1":{"loc":{"start":{"line":26,"column":9},"end":{"line":26,"column":23}},"type":"default-arg","locations":[{"start":{"line":26,"column":21},"end":{"line":26,"column":23}}],"line":26},"2":{"loc":{"start":{"line":30,"column":4},"end":{"line":36,"column":5}},"type":"if","locations":[{"start":{"line":30,"column":4},"end":{"line":36,"column":5}},{"start":{"line":30,"column":4},"end":{"line":36,"column":5}}],"line":30},"3":{"loc":{"start":{"line":30,"column":7},"end":{"line":31,"column":80}},"type":"binary-expr","locations":[{"start":{"line":30,"column":7},"end":{"line":30,"column":42}},{"start":{"line":30,"column":46},"end":{"line":30,"column":81}},{"start":{"line":31,"column":8},"end":{"line":31,"column":41}},{"start":{"line":31,"column":45},"end":{"line":31,"column":80}}],"line":30},"4":{"loc":{"start":{"line":38,"column":4},"end":{"line":41,"column":5}},"type":"if","locations":[{"start":{"line":38,"column":4},"end":{"line":41,"column":5}},{"start":{"line":38,"column":4},"end":{"line":41,"column":5}}],"line":38},"5":{"loc":{"start":{"line":38,"column":7},"end":{"line":38,"column":92}},"type":"binary-expr","locations":[{"start":{"line":38,"column":7},"end":{"line":38,"column":29}},{"start":{"line":38,"column":34},"end":{"line":38,"column":91}}],"line":38},"6":{"loc":{"start":{"line":43,"column":4},"end":{"line":46,"column":5}},"type":"if","locations":[{"start":{"line":43,"column":4},"end":{"line":46,"column":5}},{"start":{"line":43,"column":4},"end":{"line":46,"column":5}}],"line":43},"7":{"loc":{"start":{"line":131,"column":4},"end":{"line":131,"column":41}},"type":"if","locations":[{"start":{"line":131,"column":4},"end":{"line":131,"column":41}},{"start":{"line":131,"column":4},"end":{"line":131,"column":41}}],"line":131}},"s":{"0":10,"1":10,"2":10,"3":8,"4":8,"5":1,"6":18,"7":18,"8":18,"9":11,"10":11,"11":11,"12":11,"13":18,"14":10,"15":10,"16":18,"17":11,"18":11,"19":18,"20":18,"21":18,"22":126,"23":12,"24":12,"25":12,"26":12,"27":12,"28":6,"29":6,"30":6,"31":4,"32":4,"33":2,"34":2,"35":18,"36":18,"37":18,"38":18,"39":2,"40":4,"41":18,"42":18,"43":18,"44":18,"45":0,"46":18,"47":18,"48":18,"49":2,"50":2,"51":2,"52":11},"f":{"0":10,"1":8,"2":18,"3":18,"4":126,"5":12,"6":12,"7":12,"8":6,"9":6,"10":6,"11":4,"12":2,"13":18,"14":2,"15":4,"16":18,"17":18,"18":12,"19":11},"b":{"0":[1,7],"1":[10],"2":[11,7],"3":[18,8,7,7],"4":[10,8],"5":[18,8],"6":[11,7],"7":[0,18]},"_coverageSchema":"43e27e138ebf9cfc5966b082cf9a028302ed4184","hash":"6b94718460fa89e1dd2e7e2cc2022c6472711c74"}
,"/Users/romansereda/Documents/Projects/sandboxRN/ios/react-native-min-range-calendar/src/components/DatePicker.js": {"path":"/Users/romansereda/Documents/Projects/sandboxRN/ios/react-native-min-range-calendar/src/components/DatePicker.js","statementMap":{"0":{"start":{"line":9,"column":4},"end":{"line":9,"column":17}},"1":{"start":{"line":11,"column":4},"end":{"line":14,"column":6}},"2":{"start":{"line":16,"column":4},"end":{"line":16,"column":75}},"3":{"start":{"line":16,"column":36},"end":{"line":16,"column":53}},"4":{"start":{"line":16,"column":61},"end":{"line":16,"column":73}},"5":{"start":{"line":17,"column":4},"end":{"line":17,"column":23}},"6":{"start":{"line":21,"column":58},"end":{"line":21,"column":68}},"7":{"start":{"line":23,"column":4},"end":{"line":28,"column":5}},"8":{"start":{"line":26,"column":6},"end":{"line":26,"column":25}},"9":{"start":{"line":27,"column":6},"end":{"line":27,"column":25}},"10":{"start":{"line":32,"column":58},"end":{"line":32,"column":68}},"11":{"start":{"line":33,"column":4},"end":{"line":33,"column":66}},"12":{"start":{"line":37,"column":4},"end":{"line":37,"column":46}},"13":{"start":{"line":41,"column":31},"end":{"line":41,"column":41}},"14":{"start":{"line":43,"column":4},"end":{"line":50,"column":5}},"15":{"start":{"line":44,"column":20},"end":{"line":44,"column":61}},"16":{"start":{"line":45,"column":6},"end":{"line":47,"column":7}},"17":{"start":{"line":46,"column":8},"end":{"line":46,"column":51}},"18":{"start":{"line":49,"column":6},"end":{"line":49,"column":21}},"19":{"start":{"line":52,"column":4},"end":{"line":52,"column":16}},"20":{"start":{"line":56,"column":35},"end":{"line":56,"column":45}},"21":{"start":{"line":57,"column":27},"end":{"line":57,"column":37}},"22":{"start":{"line":59,"column":4},"end":{"line":63,"column":5}},"23":{"start":{"line":60,"column":6},"end":{"line":60,"column":43}},"24":{"start":{"line":62,"column":6},"end":{"line":62,"column":81}},"25":{"start":{"line":67,"column":21},"end":{"line":67,"column":31}},"26":{"start":{"line":68,"column":27},"end":{"line":68,"column":37}},"27":{"start":{"line":70,"column":18},"end":{"line":70,"column":38}},"28":{"start":{"line":70,"column":51},"end":{"line":70,"column":53}},"29":{"start":{"line":72,"column":4},"end":{"line":76,"column":5}},"30":{"start":{"line":73,"column":6},"end":{"line":73,"column":34}},"31":{"start":{"line":75,"column":6},"end":{"line":75,"column":48}},"32":{"start":{"line":78,"column":4},"end":{"line":78,"column":59}},"33":{"start":{"line":78,"column":36},"end":{"line":78,"column":55}},"34":{"start":{"line":82,"column":27},"end":{"line":82,"column":37}},"35":{"start":{"line":84,"column":17},"end":{"line":84,"column":46}},"36":{"start":{"line":85,"column":4},"end":{"line":85,"column":25}},"37":{"start":{"line":86,"column":4},"end":{"line":86,"column":21}},"38":{"start":{"line":88,"column":4},"end":{"line":88,"column":39}}},"fnMap":{"0":{"name":"(anonymous_0)","decl":{"start":{"line":8,"column":2},"end":{"line":8,"column":3}},"loc":{"start":{"line":8,"column":20},"end":{"line":18,"column":3}},"line":8},"1":{"name":"(anonymous_1)","decl":{"start":{"line":16,"column":26},"end":{"line":16,"column":27}},"loc":{"start":{"line":16,"column":36},"end":{"line":16,"column":53}},"line":16},"2":{"name":"(anonymous_2)","decl":{"start":{"line":16,"column":55},"end":{"line":16,"column":56}},"loc":{"start":{"line":16,"column":61},"end":{"line":16,"column":73}},"line":16},"3":{"name":"(anonymous_3)","decl":{"start":{"line":20,"column":2},"end":{"line":20,"column":3}},"loc":{"start":{"line":20,"column":31},"end":{"line":29,"column":3}},"line":20},"4":{"name":"(anonymous_4)","decl":{"start":{"line":31,"column":2},"end":{"line":31,"column":3}},"loc":{"start":{"line":31,"column":15},"end":{"line":34,"column":3}},"line":31},"5":{"name":"(anonymous_5)","decl":{"start":{"line":36,"column":2},"end":{"line":36,"column":3}},"loc":{"start":{"line":36,"column":9},"end":{"line":38,"column":3}},"line":36},"6":{"name":"(anonymous_6)","decl":{"start":{"line":40,"column":2},"end":{"line":40,"column":3}},"loc":{"start":{"line":40,"column":18},"end":{"line":53,"column":3}},"line":40},"7":{"name":"(anonymous_7)","decl":{"start":{"line":55,"column":2},"end":{"line":55,"column":3}},"loc":{"start":{"line":55,"column":16},"end":{"line":64,"column":3}},"line":55},"8":{"name":"(anonymous_8)","decl":{"start":{"line":66,"column":2},"end":{"line":66,"column":3}},"loc":{"start":{"line":66,"column":14},"end":{"line":79,"column":3}},"line":66},"9":{"name":"(anonymous_9)","decl":{"start":{"line":78,"column":28},"end":{"line":78,"column":29}},"loc":{"start":{"line":78,"column":34},"end":{"line":78,"column":57}},"line":78},"10":{"name":"(anonymous_10)","decl":{"start":{"line":81,"column":2},"end":{"line":81,"column":3}},"loc":{"start":{"line":81,"column":10},"end":{"line":89,"column":3}},"line":81}},"branchMap":{"0":{"loc":{"start":{"line":23,"column":4},"end":{"line":28,"column":5}},"type":"if","locations":[{"start":{"line":23,"column":4},"end":{"line":28,"column":5}},{"start":{"line":23,"column":4},"end":{"line":28,"column":5}}],"line":23},"1":{"loc":{"start":{"line":23,"column":8},"end":{"line":24,"column":80}},"type":"binary-expr","locations":[{"start":{"line":23,"column":8},"end":{"line":23,"column":43}},{"start":{"line":23,"column":47},"end":{"line":23,"column":74}},{"start":{"line":24,"column":8},"end":{"line":24,"column":41}},{"start":{"line":24,"column":45},"end":{"line":24,"column":80}}],"line":23},"2":{"loc":{"start":{"line":43,"column":4},"end":{"line":50,"column":5}},"type":"if","locations":[{"start":{"line":43,"column":4},"end":{"line":50,"column":5}},{"start":{"line":43,"column":4},"end":{"line":50,"column":5}}],"line":43},"3":{"loc":{"start":{"line":45,"column":6},"end":{"line":47,"column":7}},"type":"if","locations":[{"start":{"line":45,"column":6},"end":{"line":47,"column":7}},{"start":{"line":45,"column":6},"end":{"line":47,"column":7}}],"line":45},"4":{"loc":{"start":{"line":59,"column":4},"end":{"line":63,"column":5}},"type":"if","locations":[{"start":{"line":59,"column":4},"end":{"line":63,"column":5}},{"start":{"line":59,"column":4},"end":{"line":63,"column":5}}],"line":59},"5":{"loc":{"start":{"line":72,"column":4},"end":{"line":76,"column":5}},"type":"if","locations":[{"start":{"line":72,"column":4},"end":{"line":76,"column":5}},{"start":{"line":72,"column":4},"end":{"line":76,"column":5}}],"line":72},"6":{"loc":{"start":{"line":72,"column":7},"end":{"line":72,"column":90}},"type":"binary-expr","locations":[{"start":{"line":72,"column":7},"end":{"line":72,"column":22}},{"start":{"line":72,"column":26},"end":{"line":72,"column":39}},{"start":{"line":72,"column":43},"end":{"line":72,"column":66}},{"start":{"line":72,"column":70},"end":{"line":72,"column":90}}],"line":72}},"s":{"0":10,"1":10,"2":10,"3":17,"4":4,"5":10,"6":29,"7":29,"8":2,"9":2,"10":12,"11":12,"12":4,"13":33,"14":33,"15":24,"16":24,"17":4,"18":20,"19":9,"20":17,"21":17,"22":17,"23":1,"24":16,"25":17,"26":17,"27":17,"28":17,"29":17,"30":7,"31":10,"32":17,"33":17,"34":39,"35":39,"36":39,"37":39,"38":39},"f":{"0":10,"1":17,"2":4,"3":29,"4":12,"5":4,"6":33,"7":17,"8":17,"9":17,"10":39},"b":{"0":[2,27],"1":[29,28,27,27],"2":[24,9],"3":[4,20],"4":[1,16],"5":[7,10],"6":[17,10,7,7]},"_coverageSchema":"43e27e138ebf9cfc5966b082cf9a028302ed4184","hash":"4bd06edc62cc1dc1536c09150c49c8f3bf0bc8bd"}
,"/Users/romansereda/Documents/Projects/sandboxRN/ios/react-native-min-range-calendar/src/components/Dates.js": {"path":"/Users/romansereda/Documents/Projects/sandboxRN/ios/react-native-min-range-calendar/src/components/Dates.js","statementMap":{"0":{"start":{"line":8,"column":4},"end":{"line":8,"column":25}},"1":{"start":{"line":9,"column":4},"end":{"line":9,"column":23}},"2":{"start":{"line":13,"column":4},"end":{"line":13,"column":95}},"3":{"start":{"line":17,"column":16},"end":{"line":17,"column":18}},"4":{"start":{"line":17,"column":25},"end":{"line":17,"column":29}},"5":{"start":{"line":19,"column":17},"end":{"line":19,"column":84}},"6":{"start":{"line":21,"column":4},"end":{"line":32,"column":5}},"7":{"start":{"line":22,"column":6},"end":{"line":25,"column":7}},"8":{"start":{"line":23,"column":8},"end":{"line":23,"column":44}},"9":{"start":{"line":24,"column":8},"end":{"line":24,"column":39}},"10":{"start":{"line":26,"column":6},"end":{"line":29,"column":7}},"11":{"start":{"line":27,"column":8},"end":{"line":27,"column":42}},"12":{"start":{"line":28,"column":8},"end":{"line":28,"column":40}},"13":{"start":{"line":31,"column":6},"end":{"line":31,"column":62}},"14":{"start":{"line":34,"column":15},"end":{"line":34,"column":69}},"15":{"start":{"line":35,"column":21},"end":{"line":35,"column":86}},"16":{"start":{"line":37,"column":4},"end":{"line":37,"column":47}},"17":{"start":{"line":41,"column":14},"end":{"line":41,"column":66}},"18":{"start":{"line":42,"column":4},"end":{"line":42,"column":115}},"19":{"start":{"line":46,"column":14},"end":{"line":46,"column":71}},"20":{"start":{"line":47,"column":17},"end":{"line":47,"column":98}},"21":{"start":{"line":48,"column":4},"end":{"line":48,"column":40}},"22":{"start":{"line":52,"column":14},"end":{"line":52,"column":70}},"23":{"start":{"line":53,"column":17},"end":{"line":53,"column":103}},"24":{"start":{"line":54,"column":4},"end":{"line":54,"column":40}},"25":{"start":{"line":58,"column":14},"end":{"line":58,"column":87}},"26":{"start":{"line":59,"column":17},"end":{"line":59,"column":113}},"27":{"start":{"line":60,"column":4},"end":{"line":60,"column":40}},"28":{"start":{"line":64,"column":4},"end":{"line":64,"column":56}},"29":{"start":{"line":64,"column":25},"end":{"line":64,"column":56}},"30":{"start":{"line":65,"column":4},"end":{"line":65,"column":52}},"31":{"start":{"line":65,"column":23},"end":{"line":65,"column":52}},"32":{"start":{"line":66,"column":4},"end":{"line":66,"column":62}},"33":{"start":{"line":66,"column":28},"end":{"line":66,"column":62}},"34":{"start":{"line":67,"column":4},"end":{"line":67,"column":54}},"35":{"start":{"line":67,"column":24},"end":{"line":67,"column":54}},"36":{"start":{"line":69,"column":4},"end":{"line":69,"column":34}},"37":{"start":{"line":73,"column":4},"end":{"line":77,"column":6}},"38":{"start":{"line":81,"column":4},"end":{"line":91,"column":6}},"39":{"start":{"line":85,"column":42},"end":{"line":85,"column":58}},"40":{"start":{"line":85,"column":67},"end":{"line":85,"column":90}},"41":{"start":{"line":95,"column":4},"end":{"line":95,"column":73}},"42":{"start":{"line":99,"column":23},"end":{"line":99,"column":46}},"43":{"start":{"line":101,"column":4},"end":{"line":110,"column":7}},"44":{"start":{"line":102,"column":6},"end":{"line":109,"column":15}},"45":{"start":{"line":104,"column":23},"end":{"line":104,"column":62}},"46":{"start":{"line":105,"column":10},"end":{"line":105,"column":51}},"47":{"start":{"line":106,"column":10},"end":{"line":106,"column":29}},"48":{"start":{"line":107,"column":10},"end":{"line":107,"column":37}},"49":{"start":{"line":114,"column":18},"end":{"line":179,"column":2}},"50":{"start":{"line":114,"column":38},"end":{"line":179,"column":1}}},"fnMap":{"0":{"name":"(anonymous_0)","decl":{"start":{"line":7,"column":2},"end":{"line":7,"column":3}},"loc":{"start":{"line":7,"column":29},"end":{"line":10,"column":3}},"line":7},"1":{"name":"(anonymous_1)","decl":{"start":{"line":12,"column":2},"end":{"line":12,"column":3}},"loc":{"start":{"line":12,"column":52},"end":{"line":14,"column":3}},"line":12},"2":{"name":"(anonymous_2)","decl":{"start":{"line":16,"column":2},"end":{"line":16,"column":3}},"loc":{"start":{"line":16,"column":20},"end":{"line":38,"column":3}},"line":16},"3":{"name":"(anonymous_3)","decl":{"start":{"line":40,"column":2},"end":{"line":40,"column":3}},"loc":{"start":{"line":40,"column":18},"end":{"line":43,"column":3}},"line":40},"4":{"name":"(anonymous_4)","decl":{"start":{"line":45,"column":2},"end":{"line":45,"column":3}},"loc":{"start":{"line":45,"column":23},"end":{"line":49,"column":3}},"line":45},"5":{"name":"(anonymous_5)","decl":{"start":{"line":51,"column":2},"end":{"line":51,"column":3}},"loc":{"start":{"line":51,"column":19},"end":{"line":55,"column":3}},"line":51},"6":{"name":"(anonymous_6)","decl":{"start":{"line":57,"column":2},"end":{"line":57,"column":3}},"loc":{"start":{"line":57,"column":19},"end":{"line":61,"column":3}},"line":57},"7":{"name":"(anonymous_7)","decl":{"start":{"line":63,"column":2},"end":{"line":63,"column":3}},"loc":{"start":{"line":63,"column":16},"end":{"line":70,"column":3}},"line":63},"8":{"name":"(anonymous_8)","decl":{"start":{"line":72,"column":2},"end":{"line":72,"column":3}},"loc":{"start":{"line":72,"column":27},"end":{"line":78,"column":3}},"line":72},"9":{"name":"(anonymous_9)","decl":{"start":{"line":80,"column":2},"end":{"line":80,"column":3}},"loc":{"start":{"line":80,"column":27},"end":{"line":92,"column":3}},"line":80},"10":{"name":"(anonymous_10)","decl":{"start":{"line":85,"column":36},"end":{"line":85,"column":37}},"loc":{"start":{"line":85,"column":42},"end":{"line":85,"column":58}},"line":85},"11":{"name":"(anonymous_11)","decl":{"start":{"line":85,"column":61},"end":{"line":85,"column":62}},"loc":{"start":{"line":85,"column":67},"end":{"line":85,"column":90}},"line":85},"12":{"name":"(anonymous_12)","decl":{"start":{"line":94,"column":2},"end":{"line":94,"column":3}},"loc":{"start":{"line":94,"column":30},"end":{"line":96,"column":3}},"line":94},"13":{"name":"(anonymous_13)","decl":{"start":{"line":98,"column":2},"end":{"line":98,"column":3}},"loc":{"start":{"line":98,"column":17},"end":{"line":111,"column":3}},"line":98},"14":{"name":"(anonymous_14)","decl":{"start":{"line":101,"column":34},"end":{"line":101,"column":35}},"loc":{"start":{"line":101,"column":55},"end":{"line":110,"column":5}},"line":101},"15":{"name":"(anonymous_15)","decl":{"start":{"line":103,"column":17},"end":{"line":103,"column":18}},"loc":{"start":{"line":103,"column":37},"end":{"line":108,"column":9}},"line":103},"16":{"name":"(anonymous_16)","decl":{"start":{"line":114,"column":18},"end":{"line":114,"column":19}},"loc":{"start":{"line":114,"column":38},"end":{"line":179,"column":1}},"line":114}},"branchMap":{"0":{"loc":{"start":{"line":21,"column":4},"end":{"line":32,"column":5}},"type":"if","locations":[{"start":{"line":21,"column":4},"end":{"line":32,"column":5}},{"start":{"line":21,"column":4},"end":{"line":32,"column":5}}],"line":21},"1":{"loc":{"start":{"line":22,"column":6},"end":{"line":25,"column":7}},"type":"if","locations":[{"start":{"line":22,"column":6},"end":{"line":25,"column":7}},{"start":{"line":22,"column":6},"end":{"line":25,"column":7}}],"line":22},"2":{"loc":{"start":{"line":26,"column":6},"end":{"line":29,"column":7}},"type":"if","locations":[{"start":{"line":26,"column":6},"end":{"line":29,"column":7}},{"start":{"line":26,"column":6},"end":{"line":29,"column":7}}],"line":26},"3":{"loc":{"start":{"line":58,"column":43},"end":{"line":58,"column":86}},"type":"cond-expr","locations":[{"start":{"line":58,"column":61},"end":{"line":58,"column":81}},{"start":{"line":58,"column":84},"end":{"line":58,"column":86}}],"line":58},"4":{"loc":{"start":{"line":59,"column":61},"end":{"line":59,"column":100}},"type":"cond-expr","locations":[{"start":{"line":59,"column":79},"end":{"line":59,"column":88}},{"start":{"line":59,"column":91},"end":{"line":59,"column":100}}],"line":59},"5":{"loc":{"start":{"line":64,"column":4},"end":{"line":64,"column":56}},"type":"if","locations":[{"start":{"line":64,"column":4},"end":{"line":64,"column":56}},{"start":{"line":64,"column":4},"end":{"line":64,"column":56}}],"line":64},"6":{"loc":{"start":{"line":65,"column":4},"end":{"line":65,"column":52}},"type":"if","locations":[{"start":{"line":65,"column":4},"end":{"line":65,"column":52}},{"start":{"line":65,"column":4},"end":{"line":65,"column":52}}],"line":65},"7":{"loc":{"start":{"line":66,"column":4},"end":{"line":66,"column":62}},"type":"if","locations":[{"start":{"line":66,"column":4},"end":{"line":66,"column":62}},{"start":{"line":66,"column":4},"end":{"line":66,"column":62}}],"line":66},"8":{"loc":{"start":{"line":67,"column":4},"end":{"line":67,"column":54}},"type":"if","locations":[{"start":{"line":67,"column":4},"end":{"line":67,"column":54}},{"start":{"line":67,"column":4},"end":{"line":67,"column":54}}],"line":67},"9":{"loc":{"start":{"line":72,"column":15},"end":{"line":72,"column":25}},"type":"default-arg","locations":[{"start":{"line":72,"column":23},"end":{"line":72,"column":25}}],"line":72},"10":{"loc":{"start":{"line":85,"column":19},"end":{"line":85,"column":90}},"type":"cond-expr","locations":[{"start":{"line":85,"column":36},"end":{"line":85,"column":58}},{"start":{"line":85,"column":61},"end":{"line":85,"column":90}}],"line":85},"11":{"loc":{"start":{"line":94,"column":19},"end":{"line":94,"column":29}},"type":"default-arg","locations":[{"start":{"line":94,"column":27},"end":{"line":94,"column":29}}],"line":94}},"s":{"0":10,"1":10,"2":12,"3":23,"4":23,"5":23,"6":23,"7":13,"8":6,"9":6,"10":13,"11":7,"12":7,"13":13,"14":23,"15":23,"16":23,"17":90,"18":90,"19":259,"20":259,"21":259,"22":20,"23":20,"24":20,"25":973,"26":973,"27":973,"28":1365,"29":23,"30":1342,"31":90,"32":1252,"33":259,"34":993,"35":20,"36":973,"37":1365,"38":1365,"39":4,"40":17,"41":23,"42":39,"43":39,"44":195,"45":1365,"46":1365,"47":1365,"48":1365,"49":2,"50":12},"f":{"0":10,"1":12,"2":23,"3":90,"4":259,"5":20,"6":973,"7":1365,"8":1365,"9":1365,"10":4,"11":17,"12":23,"13":39,"14":195,"15":1365,"16":12},"b":{"0":[13,10],"1":[6,7],"2":[7,6],"3":[137,836],"4":[137,836],"5":[23,1342],"6":[90,1252],"7":[259,993],"8":[20,973],"9":[0],"10":[259,1106],"11":[0]},"_coverageSchema":"43e27e138ebf9cfc5966b082cf9a028302ed4184","hash":"9ac8bc7b1f5fba0af40965062a78549208f3562a"}
}
