TN:
SF:/Users/romansereda/Documents/Projects/sandboxRN/ios/react-native-min-range-calendar/src/CustomDate.js
FN:2,(anonymous_0)
FN:6,(anonymous_1)
FN:14,(anonymous_2)
FN:21,(anonymous_3)
FN:28,(anonymous_4)
FN:34,(anonymous_5)
FN:40,(anonymous_6)
FN:46,(anonymous_7)
FN:52,(anonymous_8)
FNF:9
FNH:9
FNDA:83,(anonymous_0)
FNDA:83,(anonymous_1)
FNDA:168,(anonymous_2)
FNDA:210,(anonymous_3)
FNDA:1442,(anonymous_4)
FNDA:57,(anonymous_5)
FNDA:26,(anonymous_6)
FNDA:5,(anonymous_7)
FNDA:5,(anonymous_8)
DA:3,83
DA:7,83
DA:8,57
DA:10,26
DA:15,168
DA:17,168
DA:22,210
DA:24,210
DA:29,1442
DA:31,1442
DA:35,57
DA:36,57
DA:37,57
DA:41,26
DA:42,26
DA:43,26
DA:47,5
DA:48,5
DA:49,5
DA:53,5
LF:20
LH:20
BRDA:6,0,0,0
BRDA:7,1,0,57
BRDA:7,1,1,26
BRDA:17,2,0,168
BRDA:17,2,1,167
BRDA:17,2,2,167
BRDA:17,2,3,152
BRDA:17,2,4,136
BRDA:24,3,0,210
BRDA:24,3,1,210
BRDA:24,3,2,209
BRDA:24,3,3,171
BRDA:24,3,4,170
BRDA:31,4,0,1442
BRDA:31,4,1,1442
BRDA:31,4,2,993
BRDA:41,5,0,25
BRDA:41,5,1,1
BRDA:42,6,0,25
BRDA:42,6,1,1
BRDA:43,7,0,25
BRDA:43,7,1,1
BRF:22
BRH:21
end_of_record
TN:
SF:/Users/romansereda/Documents/Projects/sandboxRN/ios/react-native-min-range-calendar/src/DatesManager.js
FN:5,(anonymous_0)
FN:12,(anonymous_1)
FN:31,(anonymous_2)
FN:51,(anonymous_3)
FN:63,(anonymous_4)
FNF:5
FNH:5
FNDA:39,(anonymous_0)
FNDA:39,(anonymous_1)
FNDA:1365,(anonymous_2)
FNDA:1252,(anonymous_3)
FNDA:1065,(anonymous_4)
DA:5,2
DA:6,39
DA:12,39
DA:13,39
DA:14,39
DA:16,39
DA:17,11
DA:19,11
DA:20,2
DA:21,2
DA:24,11
DA:25,11
DA:28,39
DA:31,39
DA:32,1365
DA:33,16
DA:34,16
DA:37,1349
DA:38,7
DA:39,7
DA:42,1342
DA:43,1252
DA:44,259
DA:46,993
DA:48,973
DA:51,39
DA:52,1252
DA:53,202
DA:54,187
DA:56,15
DA:60,1065
DA:63,39
DA:64,1065
DA:67,39
DA:70,39
DA:71,39
DA:72,39
DA:74,39
DA:76,39
DA:79,39
DA:82,39
DA:83,39
LF:42
LH:42
BRDA:13,0,0,6
BRDA:13,0,1,33
BRDA:14,1,0,6
BRDA:14,1,1,33
BRDA:16,2,0,11
BRDA:16,2,1,28
BRDA:16,3,0,39
BRDA:16,3,1,21
BRDA:16,3,2,12
BRDA:17,4,0,2
BRDA:17,4,1,9
BRDA:19,5,0,2
BRDA:19,5,1,9
BRDA:21,6,0,0
BRDA:21,6,1,2
BRDA:21,7,0,2
BRDA:21,7,1,2
BRDA:25,8,0,2
BRDA:25,8,1,9
BRDA:25,9,0,11
BRDA:25,9,1,2
BRDA:32,10,0,16
BRDA:32,10,1,1349
BRDA:32,11,0,1365
BRDA:32,11,1,889
BRDA:32,11,2,259
BRDA:34,12,0,16
BRDA:34,12,1,16
BRDA:37,13,0,7
BRDA:37,13,1,1342
BRDA:37,14,0,1349
BRDA:37,14,1,1229
BRDA:37,14,2,189
BRDA:39,15,0,7
BRDA:39,15,1,7
BRDA:42,16,0,90
BRDA:42,16,1,1252
BRDA:42,17,0,1342
BRDA:42,17,1,302
BRDA:42,17,2,210
BRDA:43,18,0,259
BRDA:43,18,1,993
BRDA:43,19,0,1252
BRDA:43,19,1,1065
BRDA:46,20,0,20
BRDA:46,20,1,973
BRDA:52,21,0,202
BRDA:52,21,1,1050
BRDA:52,22,0,1252
BRDA:52,22,1,513
BRDA:53,23,0,187
BRDA:53,23,1,15
BRDA:64,24,0,1065
BRDA:64,24,1,123
BRDA:82,25,0,5
BRDA:82,25,1,34
BRDA:82,26,0,39
BRDA:82,26,1,21
BRDA:83,27,0,1
BRDA:83,27,1,38
BRDA:83,28,0,39
BRDA:83,28,1,9
BRF:62
BRH:61
end_of_record
TN:
SF:/Users/romansereda/Documents/Projects/sandboxRN/ios/react-native-min-range-calendar/src/FormatDate.js
FN:18,(anonymous_0)
FN:19,(anonymous_1)
FNF:2
FNH:2
FNDA:18,(anonymous_0)
FNDA:26,(anonymous_1)
DA:1,3
DA:3,3
DA:19,18
DA:20,26
DA:21,25
DA:22,25
DA:25,1
LF:7
LH:7
BRDA:20,0,0,25
BRDA:20,0,1,1
BRF:2
BRH:2
end_of_record
TN:
SF:/Users/romansereda/Documents/Projects/sandboxRN/ios/react-native-min-range-calendar/src/constants.js
FNF:0
FNH:0
DA:1,3
DA:7,3
DA:21,3
DA:22,3
LF:4
LH:4
BRF:0
BRH:0
end_of_record
TN:
SF:/Users/romansereda/Documents/Projects/sandboxRN/ios/react-native-min-range-calendar/src/helper.js
FN:3,(anonymous_0)
FN:4,(anonymous_1)
FN:10,(anonymous_2)
FN:21,(anonymous_3)
FN:37,(anonymous_4)
FN:50,(anonymous_5)
FN:63,(anonymous_6)
FN:75,(anonymous_7)
FN:87,(anonymous_8)
FN:91,(anonymous_9)
FN:100,(anonymous_10)
FN:104,(anonymous_11)
FNF:12
FNH:12
FNDA:129,(anonymous_0)
FNDA:43,(anonymous_1)
FNDA:43,(anonymous_2)
FNDA:1505,(anonymous_3)
FNDA:46,(anonymous_4)
FNDA:48,(anonymous_5)
FNDA:13,(anonymous_6)
FNDA:14,(anonymous_7)
FNDA:12,(anonymous_8)
FNDA:3,(anonymous_9)
FNDA:24,(anonymous_10)
FNDA:7,(anonymous_11)
DA:3,129
DA:4,43
DA:10,3
DA:11,43
DA:12,43
DA:14,43
DA:15,43
DA:17,43
DA:18,43
DA:19,43
DA:21,43
DA:22,1505
DA:23,86
DA:24,1419
DA:25,144
DA:27,1275
DA:30,43
DA:31,215
DA:32,1505
DA:34,43
DA:37,3
DA:38,46
DA:40,46
DA:42,46
DA:43,2
DA:44,2
DA:47,46
DA:50,3
DA:51,48
DA:53,48
DA:55,48
DA:56,2
DA:57,2
DA:60,48
DA:63,3
DA:65,13
DA:67,13
DA:68,91
DA:69,91
DA:72,13
DA:75,3
DA:77,14
DA:79,14
DA:80,168
DA:81,168
DA:84,14
DA:87,3
DA:89,12
DA:91,12
DA:92,3
DA:93,3
DA:97,12
DA:100,3
DA:102,24
DA:104,24
DA:105,7
DA:106,3
DA:110,24
LF:58
LH:58
BRDA:22,0,0,86
BRDA:22,0,1,1419
BRDA:24,1,0,144
BRDA:24,1,1,1275
BRDA:42,2,0,2
BRDA:42,2,1,44
BRDA:55,3,0,2
BRDA:55,3,1,46
BRDA:87,4,0,0
BRDA:92,5,0,3
BRDA:92,5,1,0
BRDA:100,6,0,1
BRDA:105,7,0,3
BRDA:105,7,1,4
BRF:14
BRH:12
end_of_record
TN:
SF:/Users/romansereda/Documents/Projects/sandboxRN/ios/react-native-min-range-calendar/src/components/Calendar.js
FN:9,(anonymous_0)
FN:20,(anonymous_1)
FN:26,(anonymous_2)
FN:51,(anonymous_3)
FN:56,(anonymous_4)
FN:67,(anonymous_5)
FN:71,(anonymous_6)
FN:73,(anonymous_7)
FN:79,(anonymous_8)
FN:80,(anonymous_9)
FN:82,(anonymous_10)
FN:88,(anonymous_11)
FN:93,(anonymous_12)
FN:98,(anonymous_13)
FN:108,(anonymous_14)
FN:117,(anonymous_15)
FN:124,(anonymous_16)
FN:150,(anonymous_17)
FN:174,(anonymous_18)
FN:205,(anonymous_19)
FNF:20
FNH:20
FNDA:10,(anonymous_0)
FNDA:8,(anonymous_1)
FNDA:18,(anonymous_2)
FNDA:18,(anonymous_3)
FNDA:126,(anonymous_4)
FNDA:12,(anonymous_5)
FNDA:12,(anonymous_6)
FNDA:12,(anonymous_7)
FNDA:6,(anonymous_8)
FNDA:6,(anonymous_9)
FNDA:6,(anonymous_10)
FNDA:4,(anonymous_11)
FNDA:2,(anonymous_12)
FNDA:18,(anonymous_13)
FNDA:2,(anonymous_14)
FNDA:4,(anonymous_15)
FNDA:18,(anonymous_16)
FNDA:18,(anonymous_17)
FNDA:12,(anonymous_18)
FNDA:11,(anonymous_19)
DA:10,10
DA:12,10
DA:14,10
DA:21,8
DA:22,8
DA:27,18
DA:28,18
DA:30,18
DA:32,11
DA:33,11
DA:34,11
DA:35,11
DA:38,18
DA:39,10
DA:40,10
DA:43,18
DA:44,11
DA:45,11
DA:48,18
DA:52,18
DA:54,18
DA:57,126
DA:68,12
DA:69,12
DA:71,12
DA:72,12
DA:74,12
DA:80,6
DA:82,6
DA:83,6
DA:89,4
DA:90,4
DA:94,2
DA:95,2
DA:99,18
DA:100,18
DA:102,18
DA:104,18
DA:108,2
DA:117,4
DA:125,18
DA:128,18
DA:130,18
DA:131,18
DA:133,18
DA:151,18
DA:153,18
DA:167,2
DA:186,2
DA:205,11
LF:50
LH:50
BRDA:22,0,0,1
BRDA:22,0,1,7
BRDA:26,1,0,10
BRDA:30,2,0,11
BRDA:30,2,1,7
BRDA:30,3,0,18
BRDA:30,3,1,8
BRDA:30,3,2,7
BRDA:30,3,3,7
BRDA:38,4,0,10
BRDA:38,4,1,8
BRDA:38,5,0,18
BRDA:38,5,1,8
BRDA:43,6,0,11
BRDA:43,6,1,7
BRDA:131,7,0,0
BRDA:131,7,1,18
BRF:17
BRH:16
end_of_record
TN:
SF:/Users/romansereda/Documents/Projects/sandboxRN/ios/react-native-min-range-calendar/src/components/DatePicker.js
FN:8,(anonymous_0)
FN:16,(anonymous_1)
FN:16,(anonymous_2)
FN:20,(anonymous_3)
FN:31,(anonymous_4)
FN:36,(anonymous_5)
FN:40,(anonymous_6)
FN:55,(anonymous_7)
FN:66,(anonymous_8)
FN:78,(anonymous_9)
FN:81,(anonymous_10)
FNF:11
FNH:11
FNDA:10,(anonymous_0)
FNDA:17,(anonymous_1)
FNDA:4,(anonymous_2)
FNDA:29,(anonymous_3)
FNDA:12,(anonymous_4)
FNDA:4,(anonymous_5)
FNDA:33,(anonymous_6)
FNDA:17,(anonymous_7)
FNDA:17,(anonymous_8)
FNDA:17,(anonymous_9)
FNDA:39,(anonymous_10)
DA:9,10
DA:11,10
DA:16,17
DA:17,10
DA:21,29
DA:23,29
DA:26,2
DA:27,2
DA:32,12
DA:33,12
DA:37,4
DA:41,33
DA:43,33
DA:44,24
DA:45,24
DA:46,4
DA:49,20
DA:52,9
DA:56,17
DA:57,17
DA:59,17
DA:60,1
DA:62,16
DA:67,17
DA:68,17
DA:70,17
DA:72,17
DA:73,7
DA:75,10
DA:78,17
DA:82,39
DA:84,39
DA:85,39
DA:86,39
DA:88,39
LF:35
LH:35
BRDA:23,0,0,2
BRDA:23,0,1,27
BRDA:23,1,0,29
BRDA:23,1,1,28
BRDA:23,1,2,27
BRDA:23,1,3,27
BRDA:43,2,0,24
BRDA:43,2,1,9
BRDA:45,3,0,4
BRDA:45,3,1,20
BRDA:59,4,0,1
BRDA:59,4,1,16
BRDA:72,5,0,7
BRDA:72,5,1,10
BRDA:72,6,0,17
BRDA:72,6,1,10
BRDA:72,6,2,7
BRDA:72,6,3,7
BRF:18
BRH:18
end_of_record
TN:
SF:/Users/romansereda/Documents/Projects/sandboxRN/ios/react-native-min-range-calendar/src/components/Dates.js
FN:7,(anonymous_0)
FN:12,(anonymous_1)
FN:16,(anonymous_2)
FN:40,(anonymous_3)
FN:45,(anonymous_4)
FN:51,(anonymous_5)
FN:57,(anonymous_6)
FN:63,(anonymous_7)
FN:72,(anonymous_8)
FN:80,(anonymous_9)
FN:85,(anonymous_10)
FN:85,(anonymous_11)
FN:94,(anonymous_12)
FN:98,(anonymous_13)
FN:101,(anonymous_14)
FN:103,(anonymous_15)
FN:114,(anonymous_16)
FNF:17
FNH:17
FNDA:10,(anonymous_0)
FNDA:12,(anonymous_1)
FNDA:23,(anonymous_2)
FNDA:90,(anonymous_3)
FNDA:259,(anonymous_4)
FNDA:20,(anonymous_5)
FNDA:973,(anonymous_6)
FNDA:1365,(anonymous_7)
FNDA:1365,(anonymous_8)
FNDA:1365,(anonymous_9)
FNDA:4,(anonymous_10)
FNDA:17,(anonymous_11)
FNDA:23,(anonymous_12)
FNDA:39,(anonymous_13)
FNDA:195,(anonymous_14)
FNDA:1365,(anonymous_15)
FNDA:12,(anonymous_16)
DA:8,10
DA:9,10
DA:13,12
DA:17,23
DA:19,23
DA:21,23
DA:22,13
DA:23,6
DA:24,6
DA:26,13
DA:27,7
DA:28,7
DA:31,13
DA:34,23
DA:35,23
DA:37,23
DA:41,90
DA:42,90
DA:46,259
DA:47,259
DA:48,259
DA:52,20
DA:53,20
DA:54,20
DA:58,973
DA:59,973
DA:60,973
DA:64,1365
DA:65,1342
DA:66,1252
DA:67,993
DA:69,973
DA:73,1365
DA:81,1365
DA:85,17
DA:95,23
DA:99,39
DA:101,39
DA:102,195
DA:104,1365
DA:105,1365
DA:106,1365
DA:107,1365
DA:114,12
LF:44
LH:44
BRDA:21,0,0,13
BRDA:21,0,1,10
BRDA:22,1,0,6
BRDA:22,1,1,7
BRDA:26,2,0,7
BRDA:26,2,1,6
BRDA:58,3,0,137
BRDA:58,3,1,836
BRDA:59,4,0,137
BRDA:59,4,1,836
BRDA:64,5,0,23
BRDA:64,5,1,1342
BRDA:65,6,0,90
BRDA:65,6,1,1252
BRDA:66,7,0,259
BRDA:66,7,1,993
BRDA:67,8,0,20
BRDA:67,8,1,973
BRDA:72,9,0,0
BRDA:85,10,0,259
BRDA:85,10,1,1106
BRDA:94,11,0,0
BRF:22
BRH:20
end_of_record
